{
  "/Users/demian/Documents/development/product-project/matrix-academy/apps/backend/src/app.controller.ts": {
    "path": "/Users/demian/Documents/development/product-project/matrix-academy/apps/backend/src/app.controller.ts",
    "statementMap": {
      "0": { "start": { "line": 15, "column": 7 }, "end": { "line": 36, "column": null } },
      "1": { "start": { "line": 16, "column": 31 }, "end": { "line": 16, "column": 36 } },
      "2": { "start": { "line": 23, "column": 4 }, "end": { "line": 23, "column": 32 } },
      "3": { "start": { "line": 34, "column": 4 }, "end": { "line": 34, "column": 35 } },
      "4": { "start": { "line": 22, "column": 2 }, "end": { "line": 24, "column": null } },
      "5": { "start": { "line": 32, "column": 2 }, "end": { "line": 35, "column": null } },
      "6": { "start": { "line": 15, "column": 13 }, "end": { "line": 36, "column": null } }
    },
    "fnMap": {
      "0": {
        "name": "(anonymous_4)",
        "decl": { "start": { "line": 16, "column": 2 }, "end": { "line": 16, "column": 31 } },
        "loc": { "start": { "line": 16, "column": 46 }, "end": { "line": 16, "column": 50 } }
      },
      "1": {
        "name": "(anonymous_5)",
        "decl": { "start": { "line": 22, "column": 2 }, "end": { "line": 22, "column": 8 } },
        "loc": { "start": { "line": 22, "column": 8 }, "end": { "line": 24, "column": 3 } }
      },
      "2": {
        "name": "(anonymous_6)",
        "decl": { "start": { "line": 32, "column": 2 }, "end": { "line": 32, "column": 6 } },
        "loc": { "start": { "line": 32, "column": 27 }, "end": { "line": 35, "column": 3 } }
      }
    },
    "branchMap": {},
    "s": { "0": 3, "1": 3, "2": 6, "3": 3, "4": 3, "5": 3, "6": 3 },
    "f": { "0": 3, "1": 6, "2": 3 },
    "b": {}
  },
  "/Users/demian/Documents/development/product-project/matrix-academy/apps/backend/src/app.module.ts": {
    "path": "/Users/demian/Documents/development/product-project/matrix-academy/apps/backend/src/app.module.ts",
    "statementMap": {
      "0": { "start": { "line": 85, "column": 7 }, "end": { "line": 85, "column": null } },
      "1": { "start": { "line": 85, "column": 13 }, "end": { "line": 85, "column": null } },
      "2": { "start": { "line": 34, "column": 75 }, "end": { "line": 47, "column": 8 } },
      "3": { "start": { "line": 53, "column": 8 }, "end": { "line": 53, "column": 40 } },
      "4": { "start": { "line": 59, "column": 8 }, "end": { "line": 59, "column": 43 } }
    },
    "fnMap": {
      "0": {
        "name": "(anonymous_1)",
        "decl": { "start": { "line": 34, "column": 18 }, "end": { "line": 34, "column": 19 } },
        "loc": { "start": { "line": 34, "column": 75 }, "end": { "line": 47, "column": 8 } }
      },
      "1": {
        "name": "(anonymous_2)",
        "decl": { "start": { "line": 52, "column": 18 }, "end": { "line": 52, "column": 19 } },
        "loc": { "start": { "line": 53, "column": 8 }, "end": { "line": 53, "column": 40 } }
      },
      "2": {
        "name": "(anonymous_3)",
        "decl": { "start": { "line": 58, "column": 18 }, "end": { "line": 58, "column": 23 } },
        "loc": { "start": { "line": 59, "column": 8 }, "end": { "line": 59, "column": 43 } }
      }
    },
    "branchMap": {
      "0": {
        "loc": { "start": { "line": 38, "column": 18 }, "end": { "line": 38, "column": 75 } },
        "type": "binary-expr",
        "locations": [
          { "start": { "line": 38, "column": 18 }, "end": { "line": 38, "column": 68 } },
          { "start": { "line": 38, "column": 72 }, "end": { "line": 38, "column": 75 } }
        ]
      },
      "1": {
        "loc": { "start": { "line": 39, "column": 19 }, "end": { "line": 39, "column": 78 } },
        "type": "binary-expr",
        "locations": [
          { "start": { "line": 39, "column": 19 }, "end": { "line": 39, "column": 71 } },
          { "start": { "line": 39, "column": 75 }, "end": { "line": 39, "column": 78 } }
        ]
      }
    },
    "s": { "0": 3, "1": 3, "2": 3, "3": 3, "4": 3 },
    "f": { "0": 3, "1": 3, "2": 3 },
    "b": { "0": [3, 0], "1": [3, 0] }
  },
  "/Users/demian/Documents/development/product-project/matrix-academy/apps/backend/src/app.service.ts": {
    "path": "/Users/demian/Documents/development/product-project/matrix-academy/apps/backend/src/app.service.ts",
    "statementMap": {
      "0": { "start": { "line": 17, "column": 7 }, "end": { "line": 33, "column": null } },
      "1": { "start": { "line": 18, "column": 54 }, "end": { "line": 18, "column": 73 } },
      "2": { "start": { "line": 21, "column": 21 }, "end": { "line": 21, "column": 40 } },
      "3": { "start": { "line": 22, "column": 19 }, "end": { "line": 22, "column": 56 } },
      "4": { "start": { "line": 24, "column": 4 }, "end": { "line": 26, "column": 5 } },
      "5": { "start": { "line": 25, "column": 6 }, "end": { "line": 25, "column": 20 } },
      "6": { "start": { "line": 28, "column": 19 }, "end": { "line": 28, "column": 84 } },
      "7": { "start": { "line": 29, "column": 4 }, "end": { "line": 29, "column": 68 } },
      "8": { "start": { "line": 31, "column": 4 }, "end": { "line": 31, "column": 18 } },
      "9": { "start": { "line": 17, "column": 13 }, "end": { "line": 33, "column": null } }
    },
    "fnMap": {
      "0": {
        "name": "(anonymous_4)",
        "decl": { "start": { "line": 18, "column": 2 }, "end": { "line": 18, "column": 15 } },
        "loc": { "start": { "line": 18, "column": 73 }, "end": { "line": 18, "column": 77 } }
      },
      "1": {
        "name": "(anonymous_5)",
        "decl": { "start": { "line": 20, "column": 2 }, "end": { "line": 20, "column": 7 } },
        "loc": { "start": { "line": 20, "column": 17 }, "end": { "line": 32, "column": 3 } }
      }
    },
    "branchMap": {
      "0": {
        "loc": { "start": { "line": 24, "column": 4 }, "end": { "line": 26, "column": 5 } },
        "type": "if",
        "locations": [
          { "start": { "line": 24, "column": 4 }, "end": { "line": 26, "column": 5 } },
          { "start": {}, "end": {} }
        ]
      }
    },
    "s": { "0": 3, "1": 3, "2": 6, "3": 6, "4": 6, "5": 3, "6": 3, "7": 3, "8": 3, "9": 3 },
    "f": { "0": 3, "1": 6 },
    "b": { "0": [3, 3] }
  },
  "/Users/demian/Documents/development/product-project/matrix-academy/apps/backend/src/auth/auth.controller.ts": {
    "path": "/Users/demian/Documents/development/product-project/matrix-academy/apps/backend/src/auth/auth.controller.ts",
    "statementMap": {
      "0": { "start": { "line": 35, "column": 7 }, "end": { "line": 111, "column": null } },
      "1": { "start": { "line": 36, "column": 31 }, "end": { "line": 36, "column": 44 } },
      "2": { "start": { "line": 45, "column": 4 }, "end": { "line": 45, "column": 50 } },
      "3": { "start": { "line": 60, "column": 36 }, "end": { "line": 63, "column": 6 } },
      "4": { "start": { "line": 65, "column": 4 }, "end": { "line": 65, "column": 54 } },
      "5": { "start": { "line": 80, "column": 36 }, "end": { "line": 83, "column": 6 } },
      "6": { "start": { "line": 85, "column": 4 }, "end": { "line": 85, "column": 71 } },
      "7": { "start": { "line": 99, "column": 4 }, "end": { "line": 99, "column": 67 } },
      "8": { "start": { "line": 109, "column": 4 }, "end": { "line": 109, "column": 42 } },
      "9": { "start": { "line": 44, "column": 8 }, "end": { "line": 46, "column": null } },
      "10": { "start": { "line": 55, "column": 8 }, "end": { "line": 66, "column": null } },
      "11": { "start": { "line": 75, "column": 8 }, "end": { "line": 86, "column": null } },
      "12": { "start": { "line": 95, "column": 8 }, "end": { "line": 100, "column": null } },
      "13": { "start": { "line": 108, "column": 8 }, "end": { "line": 110, "column": null } },
      "14": { "start": { "line": 35, "column": 13 }, "end": { "line": 111, "column": null } }
    },
    "fnMap": {
      "0": {
        "name": "(anonymous_4)",
        "decl": { "start": { "line": 36, "column": 2 }, "end": { "line": 36, "column": 31 } },
        "loc": { "start": { "line": 36, "column": 55 }, "end": { "line": 36, "column": 59 } }
      },
      "1": {
        "name": "(anonymous_5)",
        "decl": { "start": { "line": 44, "column": 8 }, "end": { "line": 44, "column": 16 } },
        "loc": { "start": { "line": 44, "column": 49 }, "end": { "line": 46, "column": 3 } }
      },
      "2": {
        "name": "(anonymous_6)",
        "decl": { "start": { "line": 55, "column": 8 }, "end": { "line": 55, "column": 13 } },
        "loc": { "start": { "line": 58, "column": 27 }, "end": { "line": 66, "column": 3 } }
      },
      "3": {
        "name": "(anonymous_7)",
        "decl": { "start": { "line": 75, "column": 8 }, "end": { "line": 75, "column": 15 } },
        "loc": { "start": { "line": 78, "column": 27 }, "end": { "line": 86, "column": 3 } }
      },
      "4": {
        "name": "(anonymous_8)",
        "decl": { "start": { "line": 95, "column": 8 }, "end": { "line": 95, "column": 14 } },
        "loc": { "start": { "line": 97, "column": 34 }, "end": { "line": 100, "column": 3 } }
      },
      "5": {
        "name": "(anonymous_9)",
        "decl": { "start": { "line": 108, "column": 8 }, "end": { "line": 108, "column": 13 } },
        "loc": { "start": { "line": 108, "column": 47 }, "end": { "line": 110, "column": 3 } }
      }
    },
    "branchMap": {},
    "s": {
      "0": 3,
      "1": 3,
      "2": 17,
      "3": 4,
      "4": 4,
      "5": 8,
      "6": 8,
      "7": 3,
      "8": 2,
      "9": 3,
      "10": 3,
      "11": 3,
      "12": 3,
      "13": 3,
      "14": 3
    },
    "f": { "0": 3, "1": 17, "2": 4, "3": 8, "4": 3, "5": 2 },
    "b": {}
  },
  "/Users/demian/Documents/development/product-project/matrix-academy/apps/backend/src/auth/auth.module.ts": {
    "path": "/Users/demian/Documents/development/product-project/matrix-academy/apps/backend/src/auth/auth.module.ts",
    "statementMap": {
      "0": { "start": { "line": 28, "column": 7 }, "end": { "line": 28, "column": null } },
      "1": { "start": { "line": 28, "column": 13 }, "end": { "line": 28, "column": null } }
    },
    "fnMap": {},
    "branchMap": {},
    "s": { "0": 3, "1": 3 },
    "f": {},
    "b": {}
  },
  "/Users/demian/Documents/development/product-project/matrix-academy/apps/backend/src/auth/auth.service.ts": {
    "path": "/Users/demian/Documents/development/product-project/matrix-academy/apps/backend/src/auth/auth.service.ts",
    "statementMap": {
      "0": { "start": { "line": 33, "column": 7 }, "end": { "line": 245, "column": null } },
      "1": { "start": { "line": 38, "column": 12 }, "end": { "line": 38, "column": 44 } },
      "2": { "start": { "line": 40, "column": 12 }, "end": { "line": 40, "column": 60 } },
      "3": { "start": { "line": 41, "column": 12 }, "end": { "line": 41, "column": 27 } },
      "4": { "start": { "line": 34, "column": 19 }, "end": { "line": 34, "column": 36 } },
      "5": { "start": { "line": 45, "column": 25 }, "end": { "line": 47, "column": 6 } },
      "6": { "start": { "line": 49, "column": 4 }, "end": { "line": 51, "column": 5 } },
      "7": { "start": { "line": 50, "column": 6 }, "end": { "line": 50, "column": 75 } },
      "8": { "start": { "line": 53, "column": 27 }, "end": { "line": 55, "column": null } },
      "9": { "start": { "line": 58, "column": 17 }, "end": { "line": 66, "column": 6 } },
      "10": { "start": { "line": 68, "column": 22 }, "end": { "line": 68, "column": 58 } },
      "11": { "start": { "line": 70, "column": 4 }, "end": { "line": 70, "column": 48 } },
      "12": { "start": { "line": 74, "column": 17 }, "end": { "line": 76, "column": 6 } },
      "13": { "start": { "line": 78, "column": 4 }, "end": { "line": 80, "column": 5 } },
      "14": { "start": { "line": 79, "column": 6 }, "end": { "line": 79, "column": 61 } },
      "15": { "start": { "line": 82, "column": 4 }, "end": { "line": 84, "column": 5 } },
      "16": { "start": { "line": 83, "column": 6 }, "end": { "line": 83, "column": 61 } },
      "17": { "start": { "line": 86, "column": 28 }, "end": { "line": 88, "column": null } },
      "18": { "start": { "line": 91, "column": 4 }, "end": { "line": 93, "column": 5 } },
      "19": { "start": { "line": 92, "column": 6 }, "end": { "line": 92, "column": 61 } },
      "20": { "start": { "line": 95, "column": 4 }, "end": { "line": 95, "column": 34 } },
      "21": { "start": { "line": 96, "column": 4 }, "end": { "line": 96, "column": 41 } },
      "22": { "start": { "line": 98, "column": 4 }, "end": { "line": 98, "column": 53 } },
      "23": { "start": { "line": 102, "column": 25 }, "end": { "line": 105, "column": 6 } },
      "24": { "start": { "line": 107, "column": 4 }, "end": { "line": 109, "column": 5 } },
      "25": { "start": { "line": 108, "column": 6 }, "end": { "line": 108, "column": 63 } },
      "26": { "start": { "line": 111, "column": 4 }, "end": { "line": 113, "column": 5 } },
      "27": { "start": { "line": 112, "column": 6 }, "end": { "line": 112, "column": 63 } },
      "28": { "start": { "line": 115, "column": 4 }, "end": { "line": 117, "column": 5 } },
      "29": { "start": { "line": 116, "column": 6 }, "end": { "line": 116, "column": 61 } },
      "30": { "start": { "line": 120, "column": 4 }, "end": { "line": 120, "column": 34 } },
      "31": { "start": { "line": 121, "column": 4 }, "end": { "line": 121, "column": 40 } },
      "32": { "start": { "line": 122, "column": 4 }, "end": { "line": 122, "column": 57 } },
      "33": { "start": { "line": 124, "column": 4 }, "end": { "line": 124, "column": 66 } },
      "34": { "start": { "line": 128, "column": 25 }, "end": { "line": 130, "column": 6 } },
      "35": { "start": { "line": 132, "column": 4 }, "end": { "line": 136, "column": 5 } },
      "36": { "start": { "line": 133, "column": 6 }, "end": { "line": 133, "column": 36 } },
      "37": { "start": { "line": 134, "column": 6 }, "end": { "line": 134, "column": 42 } },
      "38": { "start": { "line": 135, "column": 6 }, "end": { "line": 135, "column": 59 } },
      "39": { "start": { "line": 140, "column": 17 }, "end": { "line": 142, "column": 6 } },
      "40": { "start": { "line": 144, "column": 4 }, "end": { "line": 146, "column": 5 } },
      "41": { "start": { "line": 145, "column": 6 }, "end": { "line": 145, "column": 56 } },
      "42": { "start": { "line": 148, "column": 4 }, "end": { "line": 148, "column": 50 } },
      "43": { "start": { "line": 152, "column": 4 }, "end": { "line": 154, "column": 7 } },
      "44": { "start": { "line": 161, "column": 24 }, "end": { "line": 161, "column": 54 } },
      "45": { "start": { "line": 162, "column": 25 }, "end": { "line": 162, "column": 72 } },
      "46": { "start": { "line": 164, "column": 25 }, "end": { "line": 164, "column": 63 } },
      "47": { "start": { "line": 166, "column": 22 }, "end": { "line": 167, "column": null } },
      "48": { "start": { "line": 170, "column": 4 }, "end": { "line": 175, "column": 6 } },
      "49": { "start": { "line": 179, "column": 20 }, "end": { "line": 184, "column": 6 } },
      "50": { "start": { "line": 186, "column": 27 }, "end": { "line": 186, "column": 81 } },
      "51": { "start": { "line": 187, "column": 22 }, "end": { "line": 187, "column": 80 } },
      "52": { "start": { "line": 189, "column": 4 }, "end": { "line": 189, "column": 67 } },
      "53": { "start": { "line": 196, "column": 20 }, "end": { "line": 200, "column": 6 } },
      "54": { "start": { "line": 202, "column": 27 }, "end": { "line": 202, "column": 89 } },
      "55": { "start": { "line": 203, "column": 22 }, "end": { "line": 203, "column": 88 } },
      "56": { "start": { "line": 205, "column": 18 }, "end": { "line": 205, "column": 73 } },
      "57": { "start": { "line": 207, "column": 22 }, "end": { "line": 207, "column": 32 } },
      "58": { "start": { "line": 208, "column": 30 }, "end": { "line": 208, "column": 70 } },
      "59": { "start": { "line": 209, "column": 4 }, "end": { "line": 209, "column": 69 } },
      "60": { "start": { "line": 211, "column": 25 }, "end": { "line": 217, "column": 6 } },
      "61": { "start": { "line": 219, "column": 4 }, "end": { "line": 219, "column": 58 } },
      "62": { "start": { "line": 223, "column": 18 }, "end": { "line": 223, "column": 35 } },
      "63": { "start": { "line": 224, "column": 18 }, "end": { "line": 224, "column": 40 } },
      "64": { "start": { "line": 225, "column": 4 }, "end": { "line": 227, "column": 5 } },
      "65": { "start": { "line": 226, "column": 6 }, "end": { "line": 226, "column": 66 } },
      "66": { "start": { "line": 229, "column": 18 }, "end": { "line": 229, "column": 40 } },
      "67": { "start": { "line": 230, "column": 17 }, "end": { "line": 230, "column": 25 } },
      "68": { "start": { "line": 232, "column": 4 }, "end": { "line": 243, "column": 5 } },
      "69": { "start": { "line": 234, "column": 8 }, "end": { "line": 234, "column": 21 } },
      "70": { "start": { "line": 236, "column": 8 }, "end": { "line": 236, "column": 26 } },
      "71": { "start": { "line": 238, "column": 8 }, "end": { "line": 238, "column": 31 } },
      "72": { "start": { "line": 240, "column": 8 }, "end": { "line": 240, "column": 36 } },
      "73": { "start": { "line": 242, "column": 8 }, "end": { "line": 242, "column": 54 } },
      "74": { "start": { "line": 33, "column": 13 }, "end": { "line": 245, "column": null } }
    },
    "fnMap": {
      "0": {
        "name": "(anonymous_4)",
        "decl": { "start": { "line": 36, "column": 2 }, "end": { "line": 36, "column": null } },
        "loc": { "start": { "line": 41, "column": 62 }, "end": { "line": 42, "column": 6 } }
      },
      "1": {
        "name": "(anonymous_5)",
        "decl": { "start": { "line": 44, "column": 2 }, "end": { "line": 44, "column": 7 } },
        "loc": { "start": { "line": 44, "column": 41 }, "end": { "line": 71, "column": 3 } }
      },
      "2": {
        "name": "(anonymous_6)",
        "decl": { "start": { "line": 73, "column": 2 }, "end": { "line": 73, "column": 7 } },
        "loc": { "start": { "line": 73, "column": 58 }, "end": { "line": 99, "column": 3 } }
      },
      "3": {
        "name": "(anonymous_7)",
        "decl": { "start": { "line": 101, "column": 2 }, "end": { "line": 101, "column": 7 } },
        "loc": { "start": { "line": 101, "column": 68 }, "end": { "line": 125, "column": 3 } }
      },
      "4": {
        "name": "(anonymous_8)",
        "decl": { "start": { "line": 127, "column": 2 }, "end": { "line": 127, "column": 7 } },
        "loc": { "start": { "line": 127, "column": 57 }, "end": { "line": 137, "column": 3 } }
      },
      "5": {
        "name": "(anonymous_9)",
        "decl": { "start": { "line": 139, "column": 2 }, "end": { "line": 139, "column": 7 } },
        "loc": { "start": { "line": 139, "column": 28 }, "end": { "line": 149, "column": 3 } }
      },
      "6": {
        "name": "(anonymous_10)",
        "decl": { "start": { "line": 151, "column": 2 }, "end": { "line": 151, "column": 7 } },
        "loc": { "start": { "line": 151, "column": 28 }, "end": { "line": 155, "column": 3 } }
      },
      "7": {
        "name": "(anonymous_11)",
        "decl": { "start": { "line": 157, "column": 10 }, "end": { "line": 157, "column": 15 } },
        "loc": { "start": { "line": 159, "column": 28 }, "end": { "line": 176, "column": 3 } }
      },
      "8": {
        "name": "(anonymous_12)",
        "decl": { "start": { "line": 178, "column": 10 }, "end": { "line": 178, "column": 29 } },
        "loc": { "start": { "line": 178, "column": 40 }, "end": { "line": 190, "column": 3 } }
      },
      "9": {
        "name": "(anonymous_13)",
        "decl": { "start": { "line": 192, "column": 10 }, "end": { "line": 192, "column": 15 } },
        "loc": { "start": { "line": 194, "column": 28 }, "end": { "line": 220, "column": 3 } }
      },
      "10": {
        "name": "(anonymous_14)",
        "decl": { "start": { "line": 222, "column": 10 }, "end": { "line": 222, "column": 34 } },
        "loc": { "start": { "line": 222, "column": 53 }, "end": { "line": 244, "column": 3 } }
      }
    },
    "branchMap": {
      "0": {
        "loc": { "start": { "line": 49, "column": 4 }, "end": { "line": 51, "column": 5 } },
        "type": "if",
        "locations": [
          { "start": { "line": 49, "column": 4 }, "end": { "line": 51, "column": 5 } },
          { "start": {}, "end": {} }
        ]
      },
      "1": {
        "loc": { "start": { "line": 78, "column": 4 }, "end": { "line": 80, "column": 5 } },
        "type": "if",
        "locations": [
          { "start": { "line": 78, "column": 4 }, "end": { "line": 80, "column": 5 } },
          { "start": {}, "end": {} }
        ]
      },
      "2": {
        "loc": { "start": { "line": 82, "column": 4 }, "end": { "line": 84, "column": 5 } },
        "type": "if",
        "locations": [
          { "start": { "line": 82, "column": 4 }, "end": { "line": 84, "column": 5 } },
          { "start": {}, "end": {} }
        ]
      },
      "3": {
        "loc": { "start": { "line": 91, "column": 4 }, "end": { "line": 93, "column": 5 } },
        "type": "if",
        "locations": [
          { "start": { "line": 91, "column": 4 }, "end": { "line": 93, "column": 5 } },
          { "start": {}, "end": {} }
        ]
      },
      "4": {
        "loc": { "start": { "line": 107, "column": 4 }, "end": { "line": 109, "column": 5 } },
        "type": "if",
        "locations": [
          { "start": { "line": 107, "column": 4 }, "end": { "line": 109, "column": 5 } },
          { "start": {}, "end": {} }
        ]
      },
      "5": {
        "loc": { "start": { "line": 107, "column": 8 }, "end": { "line": 107, "column": 47 } },
        "type": "binary-expr",
        "locations": [
          { "start": { "line": 107, "column": 8 }, "end": { "line": 107, "column": 21 } },
          { "start": { "line": 107, "column": 25 }, "end": { "line": 107, "column": 47 } }
        ]
      },
      "6": {
        "loc": { "start": { "line": 111, "column": 4 }, "end": { "line": 113, "column": 5 } },
        "type": "if",
        "locations": [
          { "start": { "line": 111, "column": 4 }, "end": { "line": 113, "column": 5 } },
          { "start": {}, "end": {} }
        ]
      },
      "7": {
        "loc": { "start": { "line": 115, "column": 4 }, "end": { "line": 117, "column": 5 } },
        "type": "if",
        "locations": [
          { "start": { "line": 115, "column": 4 }, "end": { "line": 117, "column": 5 } },
          { "start": {}, "end": {} }
        ]
      },
      "8": {
        "loc": { "start": { "line": 132, "column": 4 }, "end": { "line": 136, "column": 5 } },
        "type": "if",
        "locations": [
          { "start": { "line": 132, "column": 4 }, "end": { "line": 136, "column": 5 } },
          { "start": {}, "end": {} }
        ]
      },
      "9": {
        "loc": { "start": { "line": 132, "column": 8 }, "end": { "line": 132, "column": 47 } },
        "type": "binary-expr",
        "locations": [
          { "start": { "line": 132, "column": 8 }, "end": { "line": 132, "column": 20 } },
          { "start": { "line": 132, "column": 24 }, "end": { "line": 132, "column": 47 } }
        ]
      },
      "10": {
        "loc": { "start": { "line": 144, "column": 4 }, "end": { "line": 146, "column": 5 } },
        "type": "if",
        "locations": [
          { "start": { "line": 144, "column": 4 }, "end": { "line": 146, "column": 5 } },
          { "start": {}, "end": {} }
        ]
      },
      "11": {
        "loc": { "start": { "line": 225, "column": 4 }, "end": { "line": 227, "column": 5 } },
        "type": "if",
        "locations": [
          { "start": { "line": 225, "column": 4 }, "end": { "line": 227, "column": 5 } },
          { "start": {}, "end": {} }
        ]
      },
      "12": {
        "loc": { "start": { "line": 232, "column": 4 }, "end": { "line": 243, "column": 5 } },
        "type": "switch",
        "locations": [
          { "start": { "line": 233, "column": 6 }, "end": { "line": 234, "column": 21 } },
          { "start": { "line": 235, "column": 6 }, "end": { "line": 236, "column": 26 } },
          { "start": { "line": 237, "column": 6 }, "end": { "line": 238, "column": 31 } },
          { "start": { "line": 239, "column": 6 }, "end": { "line": 240, "column": 36 } },
          { "start": { "line": 241, "column": 6 }, "end": { "line": 242, "column": 54 } }
        ]
      }
    },
    "s": {
      "0": 3,
      "1": 3,
      "2": 3,
      "3": 3,
      "4": 3,
      "5": 17,
      "6": 17,
      "7": 1,
      "8": 16,
      "9": 16,
      "10": 16,
      "11": 16,
      "12": 4,
      "13": 4,
      "14": 1,
      "15": 3,
      "16": 0,
      "17": 3,
      "18": 3,
      "19": 1,
      "20": 2,
      "21": 2,
      "22": 2,
      "23": 8,
      "24": 8,
      "25": 4,
      "26": 4,
      "27": 0,
      "28": 4,
      "29": 0,
      "30": 4,
      "31": 4,
      "32": 4,
      "33": 4,
      "34": 3,
      "35": 3,
      "36": 3,
      "37": 3,
      "38": 3,
      "39": 2,
      "40": 2,
      "41": 0,
      "42": 2,
      "43": 0,
      "44": 22,
      "45": 22,
      "46": 22,
      "47": 22,
      "48": 22,
      "49": 22,
      "50": 22,
      "51": 22,
      "52": 22,
      "53": 22,
      "54": 22,
      "55": 22,
      "56": 22,
      "57": 22,
      "58": 22,
      "59": 22,
      "60": 22,
      "61": 22,
      "62": 44,
      "63": 44,
      "64": 44,
      "65": 0,
      "66": 44,
      "67": 44,
      "68": 44,
      "69": 0,
      "70": 22,
      "71": 0,
      "72": 22,
      "73": 0,
      "74": 3
    },
    "f": {
      "0": 3,
      "1": 17,
      "2": 4,
      "3": 8,
      "4": 3,
      "5": 2,
      "6": 0,
      "7": 22,
      "8": 22,
      "9": 22,
      "10": 44
    },
    "b": {
      "0": [1, 16],
      "1": [1, 3],
      "2": [0, 3],
      "3": [1, 2],
      "4": [4, 4],
      "5": [8, 7],
      "6": [0, 4],
      "7": [0, 4],
      "8": [3, 0],
      "9": [3, 3],
      "10": [0, 2],
      "11": [0, 44],
      "12": [0, 22, 0, 22, 0]
    }
  },
  "/Users/demian/Documents/development/product-project/matrix-academy/apps/backend/src/auth/decorators/current-user.decorator.ts": {
    "path": "/Users/demian/Documents/development/product-project/matrix-academy/apps/backend/src/auth/decorators/current-user.decorator.ts",
    "statementMap": {
      "0": { "start": { "line": 35, "column": 27 }, "end": { "line": 40, "column": null } },
      "1": { "start": { "line": 37, "column": 20 }, "end": { "line": 37, "column": 80 } },
      "2": { "start": { "line": 38, "column": 17 }, "end": { "line": 38, "column": 29 } },
      "3": { "start": { "line": 39, "column": 4 }, "end": { "line": 39, "column": 38 } }
    },
    "fnMap": {
      "0": {
        "name": "(anonymous_0)",
        "decl": { "start": { "line": 36, "column": 2 }, "end": { "line": 36, "column": 3 } },
        "loc": { "start": { "line": 36, "column": 71 }, "end": { "line": 40, "column": 3 } }
      }
    },
    "branchMap": {
      "0": {
        "loc": { "start": { "line": 39, "column": 11 }, "end": { "line": 39, "column": 37 } },
        "type": "cond-expr",
        "locations": [
          { "start": { "line": 39, "column": 18 }, "end": { "line": 39, "column": 30 } },
          { "start": { "line": 39, "column": 33 }, "end": { "line": 39, "column": 37 } }
        ]
      }
    },
    "s": { "0": 3, "1": 5, "2": 5, "3": 5 },
    "f": { "0": 5 },
    "b": { "0": [5, 0] }
  },
  "/Users/demian/Documents/development/product-project/matrix-academy/apps/backend/src/auth/decorators/public.decorator.ts": {
    "path": "/Users/demian/Documents/development/product-project/matrix-academy/apps/backend/src/auth/decorators/public.decorator.ts",
    "statementMap": {
      "0": { "start": { "line": 8, "column": 29 }, "end": { "line": 8, "column": 39 } },
      "1": { "start": { "line": 23, "column": 22 }, "end": { "line": 23, "column": 60 } },
      "2": { "start": { "line": 23, "column": 28 }, "end": { "line": 23, "column": 60 } }
    },
    "fnMap": {
      "0": {
        "name": "(anonymous_0)",
        "decl": { "start": { "line": 23, "column": 22 }, "end": { "line": 23, "column": 25 } },
        "loc": { "start": { "line": 23, "column": 28 }, "end": { "line": 23, "column": 60 } }
      }
    },
    "branchMap": {},
    "s": { "0": 3, "1": 3, "2": 12 },
    "f": { "0": 12 },
    "b": {}
  },
  "/Users/demian/Documents/development/product-project/matrix-academy/apps/backend/src/auth/decorators/roles.decorator.ts": {
    "path": "/Users/demian/Documents/development/product-project/matrix-academy/apps/backend/src/auth/decorators/roles.decorator.ts",
    "statementMap": {
      "0": { "start": { "line": 10, "column": 25 }, "end": { "line": 10, "column": 32 } },
      "1": { "start": { "line": 26, "column": 21 }, "end": { "line": 26, "column": 72 } },
      "2": { "start": { "line": 26, "column": 43 }, "end": { "line": 26, "column": 72 } }
    },
    "fnMap": {
      "0": {
        "name": "(anonymous_0)",
        "decl": { "start": { "line": 26, "column": 21 }, "end": { "line": 26, "column": 22 } },
        "loc": { "start": { "line": 26, "column": 43 }, "end": { "line": 26, "column": 72 } }
      }
    },
    "branchMap": {},
    "s": { "0": 3, "1": 3, "2": 0 },
    "f": { "0": 0 },
    "b": {}
  },
  "/Users/demian/Documents/development/product-project/matrix-academy/apps/backend/src/auth/dto/auth-response.dto.ts": {
    "path": "/Users/demian/Documents/development/product-project/matrix-academy/apps/backend/src/auth/dto/auth-response.dto.ts",
    "statementMap": {
      "0": { "start": { "line": 16, "column": 7 }, "end": { "line": 52, "column": null } },
      "1": { "start": { "line": 19, "column": 2 }, "end": { "line": 19, "column": null } },
      "2": { "start": { "line": 23, "column": 2 }, "end": { "line": 23, "column": null } },
      "3": { "start": { "line": 27, "column": 2 }, "end": { "line": 27, "column": null } },
      "4": { "start": { "line": 31, "column": 2 }, "end": { "line": 31, "column": null } },
      "5": { "start": { "line": 35, "column": 2 }, "end": { "line": 35, "column": null } },
      "6": { "start": { "line": 39, "column": 2 }, "end": { "line": 39, "column": null } },
      "7": { "start": { "line": 43, "column": 2 }, "end": { "line": 43, "column": null } },
      "8": { "start": { "line": 47, "column": 2 }, "end": { "line": 47, "column": null } },
      "9": { "start": { "line": 51, "column": 2 }, "end": { "line": 51, "column": null } },
      "10": { "start": { "line": 16, "column": 13 }, "end": { "line": 52, "column": null } },
      "11": { "start": { "line": 56, "column": 2 }, "end": { "line": 56, "column": null } },
      "12": { "start": { "line": 59, "column": 2 }, "end": { "line": 59, "column": null } },
      "13": { "start": { "line": 62, "column": 2 }, "end": { "line": 62, "column": null } },
      "14": { "start": { "line": 65, "column": 2 }, "end": { "line": 65, "column": null } }
    },
    "fnMap": {},
    "branchMap": {},
    "s": {
      "0": 3,
      "1": 3,
      "2": 3,
      "3": 3,
      "4": 3,
      "5": 3,
      "6": 3,
      "7": 3,
      "8": 3,
      "9": 3,
      "10": 3,
      "11": 3,
      "12": 3,
      "13": 3,
      "14": 3
    },
    "f": {},
    "b": {}
  },
  "/Users/demian/Documents/development/product-project/matrix-academy/apps/backend/src/auth/dto/login.dto.ts": {
    "path": "/Users/demian/Documents/development/product-project/matrix-academy/apps/backend/src/auth/dto/login.dto.ts",
    "statementMap": {
      "0": { "start": { "line": 20, "column": 2 }, "end": { "line": 20, "column": null } },
      "1": { "start": { "line": 28, "column": 2 }, "end": { "line": 28, "column": null } }
    },
    "fnMap": {},
    "branchMap": {},
    "s": { "0": 3, "1": 3 },
    "f": {},
    "b": {}
  },
  "/Users/demian/Documents/development/product-project/matrix-academy/apps/backend/src/auth/dto/refresh.dto.ts": {
    "path": "/Users/demian/Documents/development/product-project/matrix-academy/apps/backend/src/auth/dto/refresh.dto.ts",
    "statementMap": {
      "0": { "start": { "line": 20, "column": 2 }, "end": { "line": 20, "column": null } }
    },
    "fnMap": {},
    "branchMap": {},
    "s": { "0": 3 },
    "f": {},
    "b": {}
  },
  "/Users/demian/Documents/development/product-project/matrix-academy/apps/backend/src/auth/dto/register.dto.ts": {
    "path": "/Users/demian/Documents/development/product-project/matrix-academy/apps/backend/src/auth/dto/register.dto.ts",
    "statementMap": {
      "0": { "start": { "line": 20, "column": 2 }, "end": { "line": 20, "column": null } },
      "1": { "start": { "line": 30, "column": 2 }, "end": { "line": 30, "column": null } },
      "2": { "start": { "line": 39, "column": 2 }, "end": { "line": 39, "column": null } },
      "3": { "start": { "line": 48, "column": 2 }, "end": { "line": 48, "column": null } },
      "4": { "start": { "line": 56, "column": 2 }, "end": { "line": 56, "column": null } }
    },
    "fnMap": {},
    "branchMap": {},
    "s": { "0": 3, "1": 3, "2": 3, "3": 3, "4": 3 },
    "f": {},
    "b": {}
  },
  "/Users/demian/Documents/development/product-project/matrix-academy/apps/backend/src/auth/guards/jwt-auth.guard.ts": {
    "path": "/Users/demian/Documents/development/product-project/matrix-academy/apps/backend/src/auth/guards/jwt-auth.guard.ts",
    "statementMap": {
      "0": { "start": { "line": 26, "column": 7 }, "end": { "line": 89, "column": null } },
      "1": { "start": { "line": 28, "column": 12 }, "end": { "line": 28, "column": 23 } },
      "2": { "start": { "line": 29, "column": 12 }, "end": { "line": 29, "column": 27 } },
      "3": { "start": { "line": 34, "column": 21 }, "end": { "line": 37, "column": 6 } },
      "4": { "start": { "line": 39, "column": 4 }, "end": { "line": 41, "column": 5 } },
      "5": { "start": { "line": 40, "column": 6 }, "end": { "line": 40, "column": 18 } },
      "6": { "start": { "line": 43, "column": 20 }, "end": { "line": 43, "column": 64 } },
      "7": { "start": { "line": 44, "column": 18 }, "end": { "line": 44, "column": 54 } },
      "8": { "start": { "line": 46, "column": 4 }, "end": { "line": 48, "column": 5 } },
      "9": { "start": { "line": 47, "column": 6 }, "end": { "line": 47, "column": 74 } },
      "10": { "start": { "line": 50, "column": 4 }, "end": { "line": 74, "column": 5 } },
      "11": { "start": { "line": 51, "column": 21 }, "end": { "line": 51, "column": 74 } },
      "12": { "start": { "line": 52, "column": 22 }, "end": { "line": 52, "column": 75 } },
      "13": { "start": { "line": 55, "column": 6 }, "end": { "line": 60, "column": 29 } },
      "14": { "start": { "line": 62, "column": 6 }, "end": { "line": 62, "column": 18 } },
      "15": { "start": { "line": 65, "column": 6 }, "end": { "line": 72, "column": 7 } },
      "16": { "start": { "line": 66, "column": 8 }, "end": { "line": 68, "column": 9 } },
      "17": { "start": { "line": 67, "column": 10 }, "end": { "line": 67, "column": 63 } },
      "18": { "start": { "line": 69, "column": 8 }, "end": { "line": 71, "column": 9 } },
      "19": { "start": { "line": 70, "column": 10 }, "end": { "line": 70, "column": 59 } },
      "20": { "start": { "line": 73, "column": 6 }, "end": { "line": 73, "column": 63 } },
      "21": { "start": { "line": 81, "column": 23 }, "end": { "line": 81, "column": 52 } },
      "22": { "start": { "line": 82, "column": 4 }, "end": { "line": 84, "column": 5 } },
      "23": { "start": { "line": 83, "column": 6 }, "end": { "line": 83, "column": 23 } },
      "24": { "start": { "line": 86, "column": 26 }, "end": { "line": 86, "column": 47 } },
      "25": { "start": { "line": 87, "column": 4 }, "end": { "line": 87, "column": 49 } },
      "26": { "start": { "line": 26, "column": 13 }, "end": { "line": 89, "column": null } }
    },
    "fnMap": {
      "0": {
        "name": "(anonymous_2)",
        "decl": { "start": { "line": 27, "column": 2 }, "end": { "line": 27, "column": null } },
        "loc": { "start": { "line": 29, "column": 62 }, "end": { "line": 30, "column": 6 } }
      },
      "1": {
        "name": "(anonymous_3)",
        "decl": { "start": { "line": 32, "column": 2 }, "end": { "line": 32, "column": 13 } },
        "loc": { "start": { "line": 32, "column": 39 }, "end": { "line": 75, "column": 3 } }
      },
      "2": {
        "name": "(anonymous_4)",
        "decl": { "start": { "line": 80, "column": 10 }, "end": { "line": 80, "column": 32 } },
        "loc": { "start": { "line": 80, "column": 49 }, "end": { "line": 88, "column": 3 } }
      }
    },
    "branchMap": {
      "0": {
        "loc": { "start": { "line": 39, "column": 4 }, "end": { "line": 41, "column": 5 } },
        "type": "if",
        "locations": [
          { "start": { "line": 39, "column": 4 }, "end": { "line": 41, "column": 5 } },
          { "start": {}, "end": {} }
        ]
      },
      "1": {
        "loc": { "start": { "line": 46, "column": 4 }, "end": { "line": 48, "column": 5 } },
        "type": "if",
        "locations": [
          { "start": { "line": 46, "column": 4 }, "end": { "line": 48, "column": 5 } },
          { "start": {}, "end": {} }
        ]
      },
      "2": {
        "loc": { "start": { "line": 59, "column": 16 }, "end": { "line": 59, "column": 48 } },
        "type": "binary-expr",
        "locations": [
          { "start": { "line": 59, "column": 16 }, "end": { "line": 59, "column": 42 } },
          { "start": { "line": 59, "column": 46 }, "end": { "line": 59, "column": 48 } }
        ]
      },
      "3": {
        "loc": { "start": { "line": 65, "column": 6 }, "end": { "line": 72, "column": 7 } },
        "type": "if",
        "locations": [
          { "start": { "line": 65, "column": 6 }, "end": { "line": 72, "column": 7 } },
          { "start": {}, "end": {} }
        ]
      },
      "4": {
        "loc": { "start": { "line": 65, "column": 10 }, "end": { "line": 65, "column": 63 } },
        "type": "binary-expr",
        "locations": [
          { "start": { "line": 65, "column": 10 }, "end": { "line": 65, "column": 15 } },
          { "start": { "line": 65, "column": 19 }, "end": { "line": 65, "column": 44 } },
          { "start": { "line": 65, "column": 48 }, "end": { "line": 65, "column": 63 } }
        ]
      },
      "5": {
        "loc": { "start": { "line": 66, "column": 8 }, "end": { "line": 68, "column": 9 } },
        "type": "if",
        "locations": [
          { "start": { "line": 66, "column": 8 }, "end": { "line": 68, "column": 9 } },
          { "start": {}, "end": {} }
        ]
      },
      "6": {
        "loc": { "start": { "line": 69, "column": 8 }, "end": { "line": 71, "column": 9 } },
        "type": "if",
        "locations": [
          { "start": { "line": 69, "column": 8 }, "end": { "line": 71, "column": 9 } },
          { "start": {}, "end": {} }
        ]
      },
      "7": {
        "loc": { "start": { "line": 82, "column": 4 }, "end": { "line": 84, "column": 5 } },
        "type": "if",
        "locations": [
          { "start": { "line": 82, "column": 4 }, "end": { "line": 84, "column": 5 } },
          { "start": {}, "end": {} }
        ]
      },
      "8": {
        "loc": { "start": { "line": 87, "column": 11 }, "end": { "line": 87, "column": 48 } },
        "type": "cond-expr",
        "locations": [
          { "start": { "line": 87, "column": 31 }, "end": { "line": 87, "column": 36 } },
          { "start": { "line": 87, "column": 39 }, "end": { "line": 87, "column": 48 } }
        ]
      }
    },
    "s": {
      "0": 3,
      "1": 3,
      "2": 3,
      "3": 55,
      "4": 55,
      "5": 39,
      "6": 16,
      "7": 16,
      "8": 16,
      "9": 3,
      "10": 13,
      "11": 13,
      "12": 13,
      "13": 10,
      "14": 10,
      "15": 3,
      "16": 3,
      "17": 1,
      "18": 2,
      "19": 2,
      "20": 0,
      "21": 16,
      "22": 16,
      "23": 3,
      "24": 13,
      "25": 13,
      "26": 3
    },
    "f": { "0": 3, "1": 55, "2": 16 },
    "b": {
      "0": [39, 16],
      "1": [3, 13],
      "2": [10, 0],
      "3": [3, 0],
      "4": [3, 3, 3],
      "5": [1, 2],
      "6": [2, 0],
      "7": [3, 13],
      "8": [13, 0]
    }
  },
  "/Users/demian/Documents/development/product-project/matrix-academy/apps/backend/src/auth/guards/roles.guard.ts": {
    "path": "/Users/demian/Documents/development/product-project/matrix-academy/apps/backend/src/auth/guards/roles.guard.ts",
    "statementMap": {
      "0": { "start": { "line": 18, "column": 7 }, "end": { "line": 39, "column": null } },
      "1": { "start": { "line": 19, "column": 22 }, "end": { "line": 19, "column": 33 } },
      "2": { "start": { "line": 23, "column": 26 }, "end": { "line": 26, "column": 6 } },
      "3": { "start": { "line": 29, "column": 4 }, "end": { "line": 31, "column": 5 } },
      "4": { "start": { "line": 30, "column": 6 }, "end": { "line": 30, "column": 18 } },
      "5": { "start": { "line": 33, "column": 20 }, "end": { "line": 33, "column": 64 } },
      "6": { "start": { "line": 34, "column": 17 }, "end": { "line": 34, "column": 30 } },
      "7": { "start": { "line": 37, "column": 4 }, "end": { "line": 37, "column": 69 } },
      "8": { "start": { "line": 37, "column": 40 }, "end": { "line": 37, "column": 67 } },
      "9": { "start": { "line": 18, "column": 13 }, "end": { "line": 39, "column": null } }
    },
    "fnMap": {
      "0": {
        "name": "(anonymous_2)",
        "decl": { "start": { "line": 19, "column": 2 }, "end": { "line": 19, "column": 22 } },
        "loc": { "start": { "line": 19, "column": 42 }, "end": { "line": 19, "column": 46 } }
      },
      "1": {
        "name": "(anonymous_3)",
        "decl": { "start": { "line": 21, "column": 2 }, "end": { "line": 21, "column": 13 } },
        "loc": { "start": { "line": 21, "column": 39 }, "end": { "line": 38, "column": 3 } }
      },
      "2": {
        "name": "(anonymous_4)",
        "decl": { "start": { "line": 37, "column": 30 }, "end": { "line": 37, "column": 31 } },
        "loc": { "start": { "line": 37, "column": 40 }, "end": { "line": 37, "column": 67 } }
      }
    },
    "branchMap": {
      "0": {
        "loc": { "start": { "line": 29, "column": 4 }, "end": { "line": 31, "column": 5 } },
        "type": "if",
        "locations": [
          { "start": { "line": 29, "column": 4 }, "end": { "line": 31, "column": 5 } },
          { "start": {}, "end": {} }
        ]
      },
      "1": {
        "loc": { "start": { "line": 29, "column": 8 }, "end": { "line": 29, "column": 52 } },
        "type": "binary-expr",
        "locations": [
          { "start": { "line": 29, "column": 8 }, "end": { "line": 29, "column": 22 } },
          { "start": { "line": 29, "column": 26 }, "end": { "line": 29, "column": 52 } }
        ]
      }
    },
    "s": { "0": 3, "1": 3, "2": 49, "3": 49, "4": 49, "5": 0, "6": 0, "7": 0, "8": 0, "9": 3 },
    "f": { "0": 3, "1": 49, "2": 0 },
    "b": { "0": [49, 0], "1": [49, 0] }
  },
  "/Users/demian/Documents/development/product-project/matrix-academy/apps/backend/src/auth/services/permissions.service.ts": {
    "path": "/Users/demian/Documents/development/product-project/matrix-academy/apps/backend/src/auth/services/permissions.service.ts",
    "statementMap": {
      "0": { "start": { "line": 17, "column": 7 }, "end": { "line": 120, "column": null } },
      "1": { "start": { "line": 21, "column": 19 }, "end": { "line": 64, "column": 4 } },
      "2": { "start": { "line": 74, "column": 4 }, "end": { "line": 77, "column": 7 } },
      "3": { "start": { "line": 75, "column": 26 }, "end": { "line": 75, "column": 60 } },
      "4": { "start": { "line": 76, "column": 6 }, "end": { "line": 76, "column": 64 } },
      "5": { "start": { "line": 88, "column": 4 }, "end": { "line": 88, "column": 95 } },
      "6": { "start": { "line": 88, "column": 52 }, "end": { "line": 88, "column": 93 } },
      "7": { "start": { "line": 99, "column": 4 }, "end": { "line": 99, "column": 96 } },
      "8": { "start": { "line": 99, "column": 53 }, "end": { "line": 99, "column": 94 } },
      "9": { "start": { "line": 109, "column": 24 }, "end": { "line": 109, "column": 45 } },
      "10": { "start": { "line": 111, "column": 4 }, "end": { "line": 116, "column": 7 } },
      "11": { "start": { "line": 112, "column": 24 }, "end": { "line": 112, "column": 58 } },
      "12": { "start": { "line": 113, "column": 6 }, "end": { "line": 115, "column": 7 } },
      "13": { "start": { "line": 114, "column": 8 }, "end": { "line": 114, "column": 59 } },
      "14": { "start": { "line": 114, "column": 36 }, "end": { "line": 114, "column": 57 } },
      "15": { "start": { "line": 118, "column": 4 }, "end": { "line": 118, "column": 35 } },
      "16": { "start": { "line": 17, "column": 13 }, "end": { "line": 120, "column": null } }
    },
    "fnMap": {
      "0": {
        "name": "(anonymous_1)",
        "decl": { "start": { "line": 17, "column": 7 }, "end": { "line": 17, "column": 13 } },
        "loc": { "start": { "line": 17, "column": 7 }, "end": { "line": 120, "column": 1 } }
      },
      "1": {
        "name": "(anonymous_2)",
        "decl": { "start": { "line": 73, "column": 2 }, "end": { "line": 73, "column": 15 } },
        "loc": { "start": { "line": 73, "column": 67 }, "end": { "line": 78, "column": 3 } }
      },
      "2": {
        "name": "(anonymous_3)",
        "decl": { "start": { "line": 74, "column": 26 }, "end": { "line": 74, "column": 27 } },
        "loc": { "start": { "line": 74, "column": 35 }, "end": { "line": 77, "column": 5 } }
      },
      "3": {
        "name": "(anonymous_4)",
        "decl": { "start": { "line": 87, "column": 2 }, "end": { "line": 87, "column": 18 } },
        "loc": { "start": { "line": 87, "column": 73 }, "end": { "line": 89, "column": 3 } }
      },
      "4": {
        "name": "(anonymous_5)",
        "decl": { "start": { "line": 88, "column": 36 }, "end": { "line": 88, "column": 37 } },
        "loc": { "start": { "line": 88, "column": 52 }, "end": { "line": 88, "column": 93 } }
      },
      "5": {
        "name": "(anonymous_6)",
        "decl": { "start": { "line": 98, "column": 2 }, "end": { "line": 98, "column": 19 } },
        "loc": { "start": { "line": 98, "column": 74 }, "end": { "line": 100, "column": 3 } }
      },
      "6": {
        "name": "(anonymous_7)",
        "decl": { "start": { "line": 99, "column": 37 }, "end": { "line": 99, "column": 38 } },
        "loc": { "start": { "line": 99, "column": 53 }, "end": { "line": 99, "column": 94 } }
      },
      "7": {
        "name": "(anonymous_8)",
        "decl": { "start": { "line": 108, "column": 2 }, "end": { "line": 108, "column": 20 } },
        "loc": { "start": { "line": 108, "column": 40 }, "end": { "line": 119, "column": 3 } }
      },
      "8": {
        "name": "(anonymous_9)",
        "decl": { "start": { "line": 111, "column": 22 }, "end": { "line": 111, "column": 23 } },
        "loc": { "start": { "line": 111, "column": 31 }, "end": { "line": 116, "column": 5 } }
      },
      "9": {
        "name": "(anonymous_10)",
        "decl": { "start": { "line": 114, "column": 26 }, "end": { "line": 114, "column": 27 } },
        "loc": { "start": { "line": 114, "column": 36 }, "end": { "line": 114, "column": 57 } }
      }
    },
    "branchMap": {
      "0": {
        "loc": { "start": { "line": 76, "column": 13 }, "end": { "line": 76, "column": 63 } },
        "type": "binary-expr",
        "locations": [
          { "start": { "line": 76, "column": 13 }, "end": { "line": 76, "column": 54 } },
          { "start": { "line": 76, "column": 58 }, "end": { "line": 76, "column": 63 } }
        ]
      },
      "1": {
        "loc": { "start": { "line": 113, "column": 6 }, "end": { "line": 115, "column": 7 } },
        "type": "if",
        "locations": [
          { "start": { "line": 113, "column": 6 }, "end": { "line": 115, "column": 7 } },
          { "start": {}, "end": {} }
        ]
      }
    },
    "s": {
      "0": 3,
      "1": 3,
      "2": 0,
      "3": 0,
      "4": 0,
      "5": 0,
      "6": 0,
      "7": 0,
      "8": 0,
      "9": 0,
      "10": 0,
      "11": 0,
      "12": 0,
      "13": 0,
      "14": 0,
      "15": 0,
      "16": 3
    },
    "f": { "0": 3, "1": 0, "2": 0, "3": 0, "4": 0, "5": 0, "6": 0, "7": 0, "8": 0, "9": 0 },
    "b": { "0": [0, 0], "1": [0, 0] }
  },
  "/Users/demian/Documents/development/product-project/matrix-academy/apps/backend/src/common/constants/cache-keys.ts": {
    "path": "/Users/demian/Documents/development/product-project/matrix-academy/apps/backend/src/common/constants/cache-keys.ts",
    "statementMap": {
      "0": { "start": { "line": 13, "column": 26 }, "end": { "line": 16, "column": 11 } },
      "1": { "start": { "line": 21, "column": 25 }, "end": { "line": 25, "column": 11 } },
      "2": { "start": { "line": 30, "column": 31 }, "end": { "line": 32, "column": 1 } },
      "3": { "start": { "line": 31, "column": 2 }, "end": { "line": 31, "column": 40 } },
      "4": { "start": { "line": 37, "column": 33 }, "end": { "line": 39, "column": 1 } },
      "5": { "start": { "line": 38, "column": 2 }, "end": { "line": 38, "column": 27 } }
    },
    "fnMap": {
      "0": {
        "name": "(anonymous_0)",
        "decl": { "start": { "line": 30, "column": 31 }, "end": { "line": 30, "column": 32 } },
        "loc": { "start": { "line": 30, "column": 58 }, "end": { "line": 32, "column": 1 } }
      },
      "1": {
        "name": "(anonymous_1)",
        "decl": { "start": { "line": 37, "column": 33 }, "end": { "line": 37, "column": 44 } },
        "loc": { "start": { "line": 37, "column": 46 }, "end": { "line": 39, "column": 1 } }
      }
    },
    "branchMap": {},
    "s": { "0": 3, "1": 3, "2": 3, "3": 0, "4": 3, "5": 6 },
    "f": { "0": 0, "1": 6 },
    "b": {}
  },
  "/Users/demian/Documents/development/product-project/matrix-academy/apps/backend/src/common/exceptions/business.exception.ts": {
    "path": "/Users/demian/Documents/development/product-project/matrix-academy/apps/backend/src/common/exceptions/business.exception.ts",
    "statementMap": {
      "0": { "start": { "line": 27, "column": 4 }, "end": { "line": 34, "column": 6 } },
      "1": { "start": { "line": 23, "column": 20 }, "end": { "line": 23, "column": 43 } },
      "2": { "start": { "line": 25, "column": 20 }, "end": { "line": 25, "column": 53 } }
    },
    "fnMap": {
      "0": {
        "name": "(anonymous_0)",
        "decl": { "start": { "line": 21, "column": 2 }, "end": { "line": 21, "column": null } },
        "loc": { "start": { "line": 25, "column": 53 }, "end": { "line": 35, "column": 3 } }
      }
    },
    "branchMap": {
      "0": {
        "loc": { "start": { "line": 23, "column": 20 }, "end": { "line": 23, "column": 76 } },
        "type": "default-arg",
        "locations": [
          { "start": { "line": 23, "column": 43 }, "end": { "line": 23, "column": 76 } }
        ]
      },
      "1": {
        "loc": { "start": { "line": 24, "column": 4 }, "end": { "line": 24, "column": 60 } },
        "type": "default-arg",
        "locations": [
          { "start": { "line": 24, "column": 29 }, "end": { "line": 24, "column": 60 } }
        ]
      }
    },
    "s": { "0": 0, "1": 0, "2": 0 },
    "f": { "0": 0 },
    "b": { "0": [0], "1": [0] }
  },
  "/Users/demian/Documents/development/product-project/matrix-academy/apps/backend/src/common/exceptions/validation.exception.ts": {
    "path": "/Users/demian/Documents/development/product-project/matrix-academy/apps/backend/src/common/exceptions/validation.exception.ts",
    "statementMap": {
      "0": { "start": { "line": 26, "column": 4 }, "end": { "line": 33, "column": 6 } },
      "1": { "start": { "line": 22, "column": 20 }, "end": { "line": 22, "column": 61 } },
      "2": { "start": { "line": 24, "column": 20 }, "end": { "line": 24, "column": 43 } }
    },
    "fnMap": {
      "0": {
        "name": "(anonymous_0)",
        "decl": { "start": { "line": 21, "column": 2 }, "end": { "line": 21, "column": null } },
        "loc": { "start": { "line": 24, "column": 69 }, "end": { "line": 34, "column": 3 } }
      }
    },
    "branchMap": {
      "0": {
        "loc": { "start": { "line": 23, "column": 4 }, "end": { "line": 23, "column": 33 } },
        "type": "default-arg",
        "locations": [
          { "start": { "line": 23, "column": 14 }, "end": { "line": 23, "column": 33 } }
        ]
      },
      "1": {
        "loc": { "start": { "line": 24, "column": 20 }, "end": { "line": 24, "column": 69 } },
        "type": "default-arg",
        "locations": [
          { "start": { "line": 24, "column": 43 }, "end": { "line": 24, "column": 69 } }
        ]
      }
    },
    "s": { "0": 0, "1": 0, "2": 0 },
    "f": { "0": 0 },
    "b": { "0": [0], "1": [0] }
  },
  "/Users/demian/Documents/development/product-project/matrix-academy/apps/backend/src/common/filters/http-exception.filter.ts": {
    "path": "/Users/demian/Documents/development/product-project/matrix-academy/apps/backend/src/common/filters/http-exception.filter.ts",
    "statementMap": {
      "0": { "start": { "line": 32, "column": 32 }, "end": { "line": 270, "column": null } },
      "1": { "start": { "line": 33, "column": 19 }, "end": { "line": 33, "column": 65 } },
      "2": { "start": { "line": 36, "column": 16 }, "end": { "line": 36, "column": 35 } },
      "3": { "start": { "line": 37, "column": 21 }, "end": { "line": 37, "column": 48 } },
      "4": { "start": { "line": 38, "column": 20 }, "end": { "line": 38, "column": 45 } },
      "5": { "start": { "line": 40, "column": 26 }, "end": { "line": 40, "column": 69 } },
      "6": { "start": { "line": 43, "column": 4 }, "end": { "line": 43, "column": 53 } },
      "7": { "start": { "line": 45, "column": 4 }, "end": { "line": 45, "column": 66 } },
      "8": { "start": { "line": 52, "column": 22 }, "end": { "line": 52, "column": 46 } },
      "9": { "start": { "line": 53, "column": 17 }, "end": { "line": 53, "column": 28 } },
      "10": { "start": { "line": 54, "column": 26 }, "end": { "line": 54, "column": 83 } },
      "11": { "start": { "line": 57, "column": 4 }, "end": { "line": 69, "column": 5 } },
      "12": { "start": { "line": 58, "column": 6 }, "end": { "line": 68, "column": 8 } },
      "13": { "start": { "line": 72, "column": 4 }, "end": { "line": 84, "column": 5 } },
      "14": { "start": { "line": 73, "column": 6 }, "end": { "line": 83, "column": 8 } },
      "15": { "start": { "line": 87, "column": 4 }, "end": { "line": 109, "column": 5 } },
      "16": { "start": { "line": 88, "column": 21 }, "end": { "line": 88, "column": 42 } },
      "17": { "start": { "line": 89, "column": 32 }, "end": { "line": 89, "column": 55 } },
      "18": { "start": { "line": 91, "column": 8 }, "end": { "line": 93, "column": 67 } },
      "19": { "start": { "line": 96, "column": 31 }, "end": { "line": 96, "column": 78 } },
      "20": { "start": { "line": 98, "column": 6 }, "end": { "line": 108, "column": 8 } },
      "21": { "start": { "line": 112, "column": 4 }, "end": { "line": 114, "column": 5 } },
      "22": { "start": { "line": 113, "column": 6 }, "end": { "line": 113, "column": 81 } },
      "23": { "start": { "line": 117, "column": 4 }, "end": { "line": 117, "column": 78 } },
      "24": { "start": { "line": 124, "column": 4 }, "end": { "line": 132, "column": 5 } },
      "25": { "start": { "line": 125, "column": 24 }, "end": { "line": 125, "column": 48 } },
      "26": { "start": { "line": 126, "column": 6 }, "end": { "line": 131, "column": 7 } },
      "27": { "start": { "line": 127, "column": 8 }, "end": { "line": 130, "column": 12 } },
      "28": { "start": { "line": 127, "column": 38 }, "end": { "line": 130, "column": 10 } },
      "29": { "start": { "line": 133, "column": 4 }, "end": { "line": 133, "column": 14 } },
      "30": { "start": { "line": 145, "column": 24 }, "end": { "line": 145, "column": 48 } },
      "31": { "start": { "line": 151, "column": 4 }, "end": { "line": 165, "column": 5 } },
      "32": { "start": { "line": 152, "column": 6 }, "end": { "line": 164, "column": 8 } },
      "33": { "start": { "line": 167, "column": 4 }, "end": { "line": 180, "column": 5 } },
      "34": { "start": { "line": 168, "column": 6 }, "end": { "line": 179, "column": 8 } },
      "35": { "start": { "line": 183, "column": 4 }, "end": { "line": 195, "column": 6 } },
      "36": { "start": { "line": 207, "column": 20 }, "end": { "line": 207, "column": 99 } },
      "37": { "start": { "line": 208, "column": 18 }, "end": { "line": 208, "column": 74 } },
      "38": { "start": { "line": 210, "column": 4 }, "end": { "line": 219, "column": 6 } },
      "39": { "start": { "line": 226, "column": 49 }, "end": { "line": 237, "column": 6 } },
      "40": { "start": { "line": 239, "column": 4 }, "end": { "line": 239, "column": 56 } },
      "41": { "start": { "line": 246, "column": 32 }, "end": { "line": 246, "column": 39 } },
      "42": { "start": { "line": 247, "column": 22 }, "end": { "line": 247, "column": 53 } },
      "43": { "start": { "line": 248, "column": 26 }, "end": { "line": 248, "column": 62 } },
      "44": { "start": { "line": 250, "column": 20 }, "end": { "line": 258, "column": 6 } },
      "45": { "start": { "line": 260, "column": 4 }, "end": { "line": 268, "column": 5 } },
      "46": { "start": { "line": 261, "column": 6 }, "end": { "line": 265, "column": 8 } },
      "47": { "start": { "line": 267, "column": 6 }, "end": { "line": 267, "column": 95 } },
      "48": { "start": { "line": 32, "column": 13 }, "end": { "line": 270, "column": null } }
    },
    "fnMap": {
      "0": {
        "name": "(anonymous_1)",
        "decl": { "start": { "line": 32, "column": 7 }, "end": { "line": 32, "column": 13 } },
        "loc": { "start": { "line": 32, "column": 7 }, "end": { "line": 270, "column": 1 } }
      },
      "1": {
        "name": "(anonymous_2)",
        "decl": { "start": { "line": 35, "column": 2 }, "end": { "line": 35, "column": 7 } },
        "loc": { "start": { "line": 35, "column": 47 }, "end": { "line": 46, "column": 3 } }
      },
      "2": {
        "name": "(anonymous_3)",
        "decl": { "start": { "line": 51, "column": 10 }, "end": { "line": 51, "column": 28 } },
        "loc": { "start": { "line": 51, "column": 65 }, "end": { "line": 118, "column": 3 } }
      },
      "3": {
        "name": "(anonymous_4)",
        "decl": { "start": { "line": 123, "column": 10 }, "end": { "line": 123, "column": 33 } },
        "loc": { "start": { "line": 123, "column": 51 }, "end": { "line": 134, "column": 3 } }
      },
      "4": {
        "name": "(anonymous_5)",
        "decl": { "start": { "line": 127, "column": 28 }, "end": { "line": 127, "column": 29 } },
        "loc": { "start": { "line": 127, "column": 38 }, "end": { "line": 130, "column": 10 } }
      },
      "5": {
        "name": "(anonymous_6)",
        "decl": { "start": { "line": 139, "column": 10 }, "end": { "line": 139, "column": 29 } },
        "loc": { "start": { "line": 143, "column": 21 }, "end": { "line": 196, "column": 3 } }
      },
      "6": {
        "name": "(anonymous_7)",
        "decl": { "start": { "line": 201, "column": 10 }, "end": { "line": 201, "column": 28 } },
        "loc": { "start": { "line": 205, "column": 21 }, "end": { "line": 220, "column": 3 } }
      },
      "7": {
        "name": "(anonymous_8)",
        "decl": { "start": { "line": 225, "column": 10 }, "end": { "line": 225, "column": 30 } },
        "loc": { "start": { "line": 225, "column": 49 }, "end": { "line": 240, "column": 3 } }
      },
      "8": {
        "name": "(anonymous_9)",
        "decl": { "start": { "line": 245, "column": 10 }, "end": { "line": 245, "column": 18 } },
        "loc": { "start": { "line": 245, "column": 85 }, "end": { "line": 269, "column": 3 } }
      }
    },
    "branchMap": {
      "0": {
        "loc": { "start": { "line": 57, "column": 4 }, "end": { "line": 69, "column": 5 } },
        "type": "if",
        "locations": [
          { "start": { "line": 57, "column": 4 }, "end": { "line": 69, "column": 5 } },
          { "start": {}, "end": {} }
        ]
      },
      "1": {
        "loc": { "start": { "line": 67, "column": 12 }, "end": { "line": 67, "column": 80 } },
        "type": "binary-expr",
        "locations": [
          { "start": { "line": 67, "column": 12 }, "end": { "line": 67, "column": 50 } },
          { "start": { "line": 67, "column": 54 }, "end": { "line": 67, "column": 80 } }
        ]
      },
      "2": {
        "loc": { "start": { "line": 72, "column": 4 }, "end": { "line": 84, "column": 5 } },
        "type": "if",
        "locations": [
          { "start": { "line": 72, "column": 4 }, "end": { "line": 84, "column": 5 } },
          { "start": {}, "end": {} }
        ]
      },
      "3": {
        "loc": { "start": { "line": 82, "column": 12 }, "end": { "line": 82, "column": 80 } },
        "type": "binary-expr",
        "locations": [
          { "start": { "line": 82, "column": 12 }, "end": { "line": 82, "column": 50 } },
          { "start": { "line": 82, "column": 54 }, "end": { "line": 82, "column": 80 } }
        ]
      },
      "4": {
        "loc": { "start": { "line": 87, "column": 4 }, "end": { "line": 109, "column": 5 } },
        "type": "if",
        "locations": [
          { "start": { "line": 87, "column": 4 }, "end": { "line": 109, "column": 5 } },
          { "start": {}, "end": {} }
        ]
      },
      "5": {
        "loc": { "start": { "line": 91, "column": 8 }, "end": { "line": 93, "column": 67 } },
        "type": "cond-expr",
        "locations": [
          { "start": { "line": 92, "column": 12 }, "end": { "line": 92, "column": 29 } },
          { "start": { "line": 93, "column": 13 }, "end": { "line": 93, "column": 67 } }
        ]
      },
      "6": {
        "loc": { "start": { "line": 93, "column": 13 }, "end": { "line": 93, "column": 67 } },
        "type": "binary-expr",
        "locations": [
          { "start": { "line": 93, "column": 13 }, "end": { "line": 93, "column": 46 } },
          { "start": { "line": 93, "column": 50 }, "end": { "line": 93, "column": 67 } }
        ]
      },
      "7": {
        "loc": { "start": { "line": 102, "column": 17 }, "end": { "line": 102, "column": 70 } },
        "type": "cond-expr",
        "locations": [
          { "start": { "line": 102, "column": 42 }, "end": { "line": 102, "column": 60 } },
          { "start": { "line": 102, "column": 63 }, "end": { "line": 102, "column": 70 } }
        ]
      },
      "8": {
        "loc": { "start": { "line": 103, "column": 12 }, "end": { "line": 103, "column": 72 } },
        "type": "binary-expr",
        "locations": [
          { "start": { "line": 103, "column": 12 }, "end": { "line": 103, "column": 39 } },
          { "start": { "line": 103, "column": 43 }, "end": { "line": 103, "column": 72 } }
        ]
      },
      "9": {
        "loc": { "start": { "line": 107, "column": 12 }, "end": { "line": 107, "column": 80 } },
        "type": "binary-expr",
        "locations": [
          { "start": { "line": 107, "column": 12 }, "end": { "line": 107, "column": 50 } },
          { "start": { "line": 107, "column": 54 }, "end": { "line": 107, "column": 80 } }
        ]
      },
      "10": {
        "loc": { "start": { "line": 112, "column": 4 }, "end": { "line": 114, "column": 5 } },
        "type": "if",
        "locations": [
          { "start": { "line": 112, "column": 4 }, "end": { "line": 114, "column": 5 } },
          { "start": {}, "end": {} }
        ]
      },
      "11": {
        "loc": { "start": { "line": 124, "column": 4 }, "end": { "line": 132, "column": 5 } },
        "type": "if",
        "locations": [
          { "start": { "line": 124, "column": 4 }, "end": { "line": 132, "column": 5 } },
          { "start": {}, "end": {} }
        ]
      },
      "12": {
        "loc": { "start": { "line": 124, "column": 8 }, "end": { "line": 124, "column": 82 } },
        "type": "binary-expr",
        "locations": [
          { "start": { "line": 124, "column": 8 }, "end": { "line": 124, "column": 36 } },
          { "start": { "line": 124, "column": 40 }, "end": { "line": 124, "column": 57 } },
          { "start": { "line": 124, "column": 61 }, "end": { "line": 124, "column": 82 } }
        ]
      },
      "13": {
        "loc": { "start": { "line": 126, "column": 6 }, "end": { "line": 131, "column": 7 } },
        "type": "if",
        "locations": [
          { "start": { "line": 126, "column": 6 }, "end": { "line": 131, "column": 7 } },
          { "start": {}, "end": {} }
        ]
      },
      "14": {
        "loc": { "start": { "line": 128, "column": 17 }, "end": { "line": 128, "column": 80 } },
        "type": "cond-expr",
        "locations": [
          { "start": { "line": 128, "column": 43 }, "end": { "line": 128, "column": 52 } },
          { "start": { "line": 128, "column": 55 }, "end": { "line": 128, "column": 80 } }
        ]
      },
      "15": {
        "loc": { "start": { "line": 128, "column": 55 }, "end": { "line": 128, "column": 80 } },
        "type": "binary-expr",
        "locations": [
          { "start": { "line": 128, "column": 55 }, "end": { "line": 128, "column": 67 } },
          { "start": { "line": 128, "column": 71 }, "end": { "line": 128, "column": 80 } }
        ]
      },
      "16": {
        "loc": { "start": { "line": 129, "column": 19 }, "end": { "line": 129, "column": 98 } },
        "type": "cond-expr",
        "locations": [
          { "start": { "line": 129, "column": 45 }, "end": { "line": 129, "column": 48 } },
          { "start": { "line": 129, "column": 51 }, "end": { "line": 129, "column": 98 } }
        ]
      },
      "17": {
        "loc": { "start": { "line": 129, "column": 65 }, "end": { "line": 129, "column": 86 } },
        "type": "binary-expr",
        "locations": [
          { "start": { "line": 129, "column": 65 }, "end": { "line": 129, "column": 80 } },
          { "start": { "line": 129, "column": 84 }, "end": { "line": 129, "column": 86 } }
        ]
      },
      "18": {
        "loc": { "start": { "line": 151, "column": 4 }, "end": { "line": 165, "column": 5 } },
        "type": "if",
        "locations": [
          { "start": { "line": 151, "column": 4 }, "end": { "line": 165, "column": 5 } },
          { "start": {}, "end": {} }
        ]
      },
      "19": {
        "loc": { "start": { "line": 167, "column": 4 }, "end": { "line": 180, "column": 5 } },
        "type": "if",
        "locations": [
          { "start": { "line": 167, "column": 4 }, "end": { "line": 180, "column": 5 } },
          { "start": {}, "end": {} }
        ]
      },
      "20": {
        "loc": { "start": { "line": 191, "column": 10 }, "end": { "line": 194, "column": 8 } },
        "type": "binary-expr",
        "locations": [
          { "start": { "line": 191, "column": 10 }, "end": { "line": 191, "column": 48 } },
          { "start": { "line": 191, "column": 52 }, "end": { "line": 194, "column": 8 } }
        ]
      },
      "21": {
        "loc": { "start": { "line": 207, "column": 20 }, "end": { "line": 207, "column": 99 } },
        "type": "cond-expr",
        "locations": [
          { "start": { "line": 207, "column": 49 }, "end": { "line": 207, "column": 66 } },
          { "start": { "line": 207, "column": 69 }, "end": { "line": 207, "column": 99 } }
        ]
      },
      "22": {
        "loc": { "start": { "line": 208, "column": 18 }, "end": { "line": 208, "column": 74 } },
        "type": "cond-expr",
        "locations": [
          { "start": { "line": 208, "column": 47 }, "end": { "line": 208, "column": 62 } },
          { "start": { "line": 208, "column": 65 }, "end": { "line": 208, "column": 74 } }
        ]
      },
      "23": {
        "loc": { "start": { "line": 218, "column": 10 }, "end": { "line": 218, "column": 61 } },
        "type": "binary-expr",
        "locations": [
          { "start": { "line": 218, "column": 10 }, "end": { "line": 218, "column": 48 } },
          { "start": { "line": 218, "column": 52 }, "end": { "line": 218, "column": 61 } }
        ]
      },
      "24": {
        "loc": { "start": { "line": 239, "column": 11 }, "end": { "line": 239, "column": 55 } },
        "type": "binary-expr",
        "locations": [
          { "start": { "line": 239, "column": 11 }, "end": { "line": 239, "column": 28 } },
          { "start": { "line": 239, "column": 32 }, "end": { "line": 239, "column": 55 } }
        ]
      },
      "25": {
        "loc": { "start": { "line": 247, "column": 22 }, "end": { "line": 247, "column": 53 } },
        "type": "binary-expr",
        "locations": [
          { "start": { "line": 247, "column": 22 }, "end": { "line": 247, "column": 47 } },
          { "start": { "line": 247, "column": 51 }, "end": { "line": 247, "column": 53 } }
        ]
      },
      "26": {
        "loc": { "start": { "line": 248, "column": 26 }, "end": { "line": 248, "column": 62 } },
        "type": "binary-expr",
        "locations": [
          { "start": { "line": 248, "column": 26 }, "end": { "line": 248, "column": 53 } },
          { "start": { "line": 248, "column": 57 }, "end": { "line": 248, "column": 62 } }
        ]
      },
      "27": {
        "loc": { "start": { "line": 260, "column": 4 }, "end": { "line": 268, "column": 5 } },
        "type": "if",
        "locations": [
          { "start": { "line": 260, "column": 4 }, "end": { "line": 268, "column": 5 } },
          { "start": { "line": 266, "column": 11 }, "end": { "line": 268, "column": 5 } }
        ]
      },
      "28": {
        "loc": { "start": { "line": 263, "column": 8 }, "end": { "line": 263, "column": 64 } },
        "type": "cond-expr",
        "locations": [
          { "start": { "line": 263, "column": 37 }, "end": { "line": 263, "column": 52 } },
          { "start": { "line": 263, "column": 55 }, "end": { "line": 263, "column": 64 } }
        ]
      }
    },
    "s": {
      "0": 0,
      "1": 0,
      "2": 0,
      "3": 0,
      "4": 0,
      "5": 0,
      "6": 0,
      "7": 0,
      "8": 0,
      "9": 0,
      "10": 0,
      "11": 0,
      "12": 0,
      "13": 0,
      "14": 0,
      "15": 0,
      "16": 0,
      "17": 0,
      "18": 0,
      "19": 0,
      "20": 0,
      "21": 0,
      "22": 0,
      "23": 0,
      "24": 0,
      "25": 0,
      "26": 0,
      "27": 0,
      "28": 0,
      "29": 0,
      "30": 0,
      "31": 0,
      "32": 0,
      "33": 0,
      "34": 0,
      "35": 0,
      "36": 0,
      "37": 0,
      "38": 0,
      "39": 0,
      "40": 0,
      "41": 0,
      "42": 0,
      "43": 0,
      "44": 0,
      "45": 0,
      "46": 0,
      "47": 0,
      "48": 0
    },
    "f": { "0": 0, "1": 0, "2": 0, "3": 0, "4": 0, "5": 0, "6": 0, "7": 0, "8": 0 },
    "b": {
      "0": [0, 0],
      "1": [0, 0],
      "2": [0, 0],
      "3": [0, 0],
      "4": [0, 0],
      "5": [0, 0],
      "6": [0, 0],
      "7": [0, 0],
      "8": [0, 0],
      "9": [0, 0],
      "10": [0, 0],
      "11": [0, 0],
      "12": [0, 0, 0],
      "13": [0, 0],
      "14": [0, 0],
      "15": [0, 0],
      "16": [0, 0],
      "17": [0, 0],
      "18": [0, 0],
      "19": [0, 0],
      "20": [0, 0],
      "21": [0, 0],
      "22": [0, 0],
      "23": [0, 0],
      "24": [0, 0],
      "25": [0, 0],
      "26": [0, 0],
      "27": [0, 0],
      "28": [0, 0]
    }
  },
  "/Users/demian/Documents/development/product-project/matrix-academy/apps/backend/src/common/guards/throttler-exception.filter.ts": {
    "path": "/Users/demian/Documents/development/product-project/matrix-academy/apps/backend/src/common/guards/throttler-exception.filter.ts",
    "statementMap": {
      "0": { "start": { "line": 12, "column": 7 }, "end": { "line": 23, "column": null } },
      "1": { "start": { "line": 14, "column": 16 }, "end": { "line": 14, "column": 35 } },
      "2": { "start": { "line": 15, "column": 21 }, "end": { "line": 15, "column": 48 } },
      "3": { "start": { "line": 17, "column": 4 }, "end": { "line": 21, "column": 7 } },
      "4": { "start": { "line": 12, "column": 13 }, "end": { "line": 23, "column": null } }
    },
    "fnMap": {
      "0": {
        "name": "(anonymous_1)",
        "decl": { "start": { "line": 13, "column": 2 }, "end": { "line": 13, "column": 7 } },
        "loc": { "start": { "line": 13, "column": 58 }, "end": { "line": 22, "column": 3 } }
      }
    },
    "branchMap": {},
    "s": { "0": 0, "1": 0, "2": 0, "3": 0, "4": 0 },
    "f": { "0": 0 },
    "b": {}
  },
  "/Users/demian/Documents/development/product-project/matrix-academy/apps/backend/src/common/interceptors/cache.interceptor.ts": {
    "path": "/Users/demian/Documents/development/product-project/matrix-academy/apps/backend/src/common/interceptors/cache.interceptor.ts",
    "statementMap": {
      "0": { "start": { "line": 21, "column": 7 }, "end": { "line": 63, "column": null } },
      "1": { "start": { "line": 22, "column": 54 }, "end": { "line": 22, "column": 73 } },
      "2": { "start": { "line": 28, "column": 20 }, "end": { "line": 28, "column": null } },
      "3": { "start": { "line": 35, "column": 4 }, "end": { "line": 37, "column": 5 } },
      "4": { "start": { "line": 36, "column": 6 }, "end": { "line": 36, "column": 27 } },
      "5": { "start": { "line": 39, "column": 21 }, "end": { "line": 39, "column": 51 } },
      "6": { "start": { "line": 40, "column": 27 }, "end": { "line": 40, "column": 64 } },
      "7": { "start": { "line": 42, "column": 4 }, "end": { "line": 44, "column": 5 } },
      "8": { "start": { "line": 43, "column": 6 }, "end": { "line": 43, "column": 32 } },
      "9": { "start": { "line": 46, "column": 4 }, "end": { "line": 50, "column": 6 } },
      "10": { "start": { "line": 48, "column": 8 }, "end": { "line": 48, "column": 55 } },
      "11": { "start": { "line": 60, "column": 19 }, "end": { "line": 60, "column": 50 } },
      "12": { "start": { "line": 61, "column": 4 }, "end": { "line": 61, "column": 43 } },
      "13": { "start": { "line": 21, "column": 13 }, "end": { "line": 63, "column": null } }
    },
    "fnMap": {
      "0": {
        "name": "(anonymous_4)",
        "decl": { "start": { "line": 22, "column": 2 }, "end": { "line": 22, "column": 15 } },
        "loc": { "start": { "line": 22, "column": 73 }, "end": { "line": 22, "column": 77 } }
      },
      "1": {
        "name": "(anonymous_5)",
        "decl": { "start": { "line": 24, "column": 2 }, "end": { "line": 24, "column": 7 } },
        "loc": { "start": { "line": 26, "column": 21 }, "end": { "line": 51, "column": 3 } }
      },
      "2": {
        "name": "(anonymous_6)",
        "decl": { "start": { "line": 47, "column": 10 }, "end": { "line": 47, "column": 11 } },
        "loc": { "start": { "line": 47, "column": 23 }, "end": { "line": 49, "column": 7 } }
      },
      "3": {
        "name": "(anonymous_7)",
        "decl": { "start": { "line": 56, "column": 10 }, "end": { "line": 56, "column": 26 } },
        "loc": { "start": { "line": 59, "column": 3 }, "end": { "line": 62, "column": 3 } }
      }
    },
    "branchMap": {
      "0": {
        "loc": { "start": { "line": 35, "column": 4 }, "end": { "line": 37, "column": 5 } },
        "type": "if",
        "locations": [
          { "start": { "line": 35, "column": 4 }, "end": { "line": 37, "column": 5 } },
          { "start": {}, "end": {} }
        ]
      },
      "1": {
        "loc": { "start": { "line": 42, "column": 4 }, "end": { "line": 44, "column": 5 } },
        "type": "if",
        "locations": [
          { "start": { "line": 42, "column": 4 }, "end": { "line": 44, "column": 5 } },
          { "start": {}, "end": {} }
        ]
      },
      "2": {
        "loc": { "start": { "line": 60, "column": 19 }, "end": { "line": 60, "column": 50 } },
        "type": "binary-expr",
        "locations": [
          { "start": { "line": 60, "column": 19 }, "end": { "line": 60, "column": 35 } },
          { "start": { "line": 60, "column": 39 }, "end": { "line": 60, "column": 50 } }
        ]
      }
    },
    "s": {
      "0": 0,
      "1": 0,
      "2": 0,
      "3": 0,
      "4": 0,
      "5": 0,
      "6": 0,
      "7": 0,
      "8": 0,
      "9": 0,
      "10": 0,
      "11": 0,
      "12": 0,
      "13": 0
    },
    "f": { "0": 0, "1": 0, "2": 0, "3": 0 },
    "b": { "0": [0, 0], "1": [0, 0], "2": [0, 0] }
  },
  "/Users/demian/Documents/development/product-project/matrix-academy/apps/backend/src/common/interceptors/transform.interceptor.ts": {
    "path": "/Users/demian/Documents/development/product-project/matrix-academy/apps/backend/src/common/interceptors/transform.interceptor.ts",
    "statementMap": {
      "0": { "start": { "line": 21, "column": 7 }, "end": { "line": 60, "column": null } },
      "1": { "start": { "line": 28, "column": 20 }, "end": { "line": 28, "column": 64 } },
      "2": { "start": { "line": 29, "column": 26 }, "end": { "line": 29, "column": 56 } },
      "3": { "start": { "line": 31, "column": 4 }, "end": { "line": 41, "column": 6 } },
      "4": { "start": { "line": 34, "column": 8 }, "end": { "line": 36, "column": 9 } },
      "5": { "start": { "line": 35, "column": 10 }, "end": { "line": 35, "column": 47 } },
      "6": { "start": { "line": 39, "column": 8 }, "end": { "line": 39, "column": 62 } },
      "7": { "start": { "line": 50, "column": 6 }, "end": { "line": 51, "column": 37 } },
      "8": { "start": { "line": 53, "column": 4 }, "end": { "line": 55, "column": 5 } },
      "9": { "start": { "line": 54, "column": 6 }, "end": { "line": 54, "column": 33 } },
      "10": { "start": { "line": 58, "column": 4 }, "end": { "line": 58, "column": 74 } },
      "11": { "start": { "line": 21, "column": 13 }, "end": { "line": 60, "column": null } }
    },
    "fnMap": {
      "0": {
        "name": "(anonymous_1)",
        "decl": { "start": { "line": 24, "column": 2 }, "end": { "line": 24, "column": 11 } },
        "loc": { "start": { "line": 26, "column": 21 }, "end": { "line": 42, "column": 3 } }
      },
      "1": {
        "name": "(anonymous_2)",
        "decl": { "start": { "line": 32, "column": 10 }, "end": { "line": 32, "column": 11 } },
        "loc": { "start": { "line": 32, "column": 22 }, "end": { "line": 40, "column": 7 } }
      },
      "2": {
        "name": "(anonymous_3)",
        "decl": { "start": { "line": 47, "column": 10 }, "end": { "line": 47, "column": 26 } },
        "loc": { "start": { "line": 47, "column": 43 }, "end": { "line": 59, "column": 3 } }
      }
    },
    "branchMap": {
      "0": {
        "loc": { "start": { "line": 34, "column": 8 }, "end": { "line": 36, "column": 9 } },
        "type": "if",
        "locations": [
          { "start": { "line": 34, "column": 8 }, "end": { "line": 36, "column": 9 } },
          { "start": {}, "end": {} }
        ]
      },
      "1": {
        "loc": { "start": { "line": 50, "column": 6 }, "end": { "line": 51, "column": 37 } },
        "type": "binary-expr",
        "locations": [
          { "start": { "line": 50, "column": 6 }, "end": { "line": 50, "column": 41 } },
          { "start": { "line": 51, "column": 6 }, "end": { "line": 51, "column": 37 } }
        ]
      },
      "2": {
        "loc": { "start": { "line": 53, "column": 4 }, "end": { "line": 55, "column": 5 } },
        "type": "if",
        "locations": [
          { "start": { "line": 53, "column": 4 }, "end": { "line": 55, "column": 5 } },
          { "start": {}, "end": {} }
        ]
      }
    },
    "s": {
      "0": 3,
      "1": 49,
      "2": 49,
      "3": 49,
      "4": 36,
      "5": 0,
      "6": 36,
      "7": 49,
      "8": 49,
      "9": 0,
      "10": 49,
      "11": 3
    },
    "f": { "0": 49, "1": 36, "2": 49 },
[...]
        "loc": { "start": { "line": 121, "column": 56 }, "end": { "line": 134, "column": 1 } }
      },
      "1": {
        "name": "(anonymous_1)",
        "decl": { "start": { "line": 129, "column": 44 }, "end": { "line": 129, "column": 45 } },
        "loc": { "start": { "line": 129, "column": 56 }, "end": { "line": 129, "column": 70 } }
      }
    },
    "branchMap": {
      "0": {
        "loc": { "start": { "line": 128, "column": 2 }, "end": { "line": 131, "column": 3 } },
        "type": "if",
        "locations": [
          { "start": { "line": 128, "column": 2 }, "end": { "line": 131, "column": 3 } },
          { "start": {}, "end": {} }
        ]
      }
    },
    "s": { "0": 3, "1": 3, "2": 3, "3": 0, "4": 0, "5": 0, "6": 3 },
    "f": { "0": 3, "1": 0 },
    "b": { "0": [0, 3] }
  },
  "/Users/demian/Documents/development/product-project/matrix-academy/apps/backend/src/config/redis.config.ts": {
    "path": "/Users/demian/Documents/development/product-project/matrix-academy/apps/backend/src/config/redis.config.ts",
    "statementMap": {
      "0": { "start": { "line": 16, "column": 30 }, "end": { "line": 32, "column": 1 } },
      "1": { "start": { "line": 19, "column": 19 }, "end": { "line": 19, "column": 66 } },
      "2": { "start": { "line": 21, "column": 2 }, "end": { "line": 23, "column": 3 } },
      "3": { "start": { "line": 22, "column": 4 }, "end": { "line": 22, "column": 48 } },
      "4": { "start": { "line": 25, "column": 2 }, "end": { "line": 31, "column": 4 } }
    },
    "fnMap": {
      "0": {
        "name": "(anonymous_0)",
        "decl": { "start": { "line": 16, "column": 30 }, "end": { "line": 16, "column": 35 } },
        "loc": { "start": { "line": 18, "column": 33 }, "end": { "line": 32, "column": 1 } }
      }
    },
    "branchMap": {
      "0": {
        "loc": { "start": { "line": 21, "column": 2 }, "end": { "line": 23, "column": 3 } },
        "type": "if",
        "locations": [
          { "start": { "line": 21, "column": 2 }, "end": { "line": 23, "column": 3 } },
          { "start": {}, "end": {} }
        ]
      },
      "1": {
        "loc": { "start": { "line": 28, "column": 11 }, "end": { "line": 28, "column": 68 } },
        "type": "binary-expr",
        "locations": [
          { "start": { "line": 28, "column": 11 }, "end": { "line": 28, "column": 58 } },
          { "start": { "line": 28, "column": 62 }, "end": { "line": 28, "column": 68 } }
        ]
      }
    },
    "s": { "0": 3, "1": 3, "2": 3, "3": 0, "4": 3 },
    "f": { "0": 3 },
    "b": { "0": [0, 3], "1": [3, 0] }
  },
  "/Users/demian/Documents/development/product-project/matrix-academy/apps/backend/src/config/typeorm-cli.config.ts": {
    "path": "/Users/demian/Documents/development/product-project/matrix-academy/apps/backend/src/config/typeorm-cli.config.ts",
    "statementMap": {
      "0": { "start": { "line": 10, "column": 0 }, "end": { "line": 10, "column": 48 } }
    },
    "fnMap": {},
    "branchMap": {
      "0": {
        "loc": { "start": { "line": 15, "column": 7 }, "end": { "line": 15, "column": 82 } },
        "type": "cond-expr",
        "locations": [
          { "start": { "line": 15, "column": 45 }, "end": { "line": 15, "column": 74 } },
          { "start": { "line": 15, "column": 77 }, "end": { "line": 15, "column": 82 } }
        ]
      }
    },
    "s": { "0": 0 },
    "f": {},
    "b": { "0": [0, 0] }
  },
  "/Users/demian/Documents/development/product-project/matrix-academy/apps/backend/src/database/entities/refresh-token.entity.ts": {
    "path": "/Users/demian/Documents/development/product-project/matrix-academy/apps/backend/src/database/entities/refresh-token.entity.ts",
    "statementMap": {
      "0": { "start": { "line": 23, "column": 7 }, "end": { "line": 56, "column": null } },
      "1": { "start": { "line": 25, "column": 2 }, "end": { "line": 25, "column": null } },
      "2": { "start": { "line": 29, "column": 2 }, "end": { "line": 29, "column": null } },
      "3": { "start": { "line": 33, "column": 2 }, "end": { "line": 33, "column": null } },
      "4": { "start": { "line": 37, "column": 2 }, "end": { "line": 37, "column": null } },
      "5": { "start": { "line": 35, "column": 19 }, "end": { "line": 35, "column": 23 } },
      "6": { "start": { "line": 35, "column": 35 }, "end": { "line": 35, "column": 53 } },
      "7": { "start": { "line": 40, "column": 2 }, "end": { "line": 40, "column": null } },
      "8": { "start": { "line": 43, "column": 2 }, "end": { "line": 43, "column": null } },
      "9": { "start": { "line": 46, "column": 2 }, "end": { "line": 46, "column": null } },
      "10": { "start": { "line": 49, "column": 2 }, "end": { "line": 49, "column": null } },
      "11": { "start": { "line": 52, "column": 2 }, "end": { "line": 52, "column": null } },
      "12": { "start": { "line": 55, "column": 2 }, "end": { "line": 55, "column": null } },
      "13": { "start": { "line": 23, "column": 13 }, "end": { "line": 56, "column": null } }
    },
    "fnMap": {
      "0": {
        "name": "(anonymous_2)",
        "decl": { "start": { "line": 35, "column": 13 }, "end": { "line": 35, "column": 16 } },
        "loc": { "start": { "line": 35, "column": 19 }, "end": { "line": 35, "column": 23 } }
      },
      "1": {
        "name": "(anonymous_3)",
        "decl": { "start": { "line": 35, "column": 25 }, "end": { "line": 35, "column": 26 } },
        "loc": { "start": { "line": 35, "column": 35 }, "end": { "line": 35, "column": 53 } }
      }
    },
    "branchMap": {},
    "s": {
      "0": 3,
      "1": 3,
      "2": 3,
      "3": 3,
      "4": 3,
      "5": 3,
      "6": 3,
      "7": 3,
      "8": 3,
      "9": 3,
      "10": 3,
      "11": 3,
      "12": 3,
      "13": 3
    },
    "f": { "0": 3, "1": 3 },
    "b": {}
  },
  "/Users/demian/Documents/development/product-project/matrix-academy/apps/backend/src/database/entities/user.entity.ts": {
    "path": "/Users/demian/Documents/development/product-project/matrix-academy/apps/backend/src/database/entities/user.entity.ts",
    "statementMap": {
      "0": { "start": { "line": 24, "column": 7 }, "end": { "line": 65, "column": null } },
      "1": { "start": { "line": 26, "column": 2 }, "end": { "line": 26, "column": null } },
      "2": { "start": { "line": 30, "column": 2 }, "end": { "line": 30, "column": null } },
      "3": { "start": { "line": 33, "column": 2 }, "end": { "line": 33, "column": null } },
      "4": { "start": { "line": 36, "column": 2 }, "end": { "line": 36, "column": null } },
      "5": { "start": { "line": 39, "column": 2 }, "end": { "line": 39, "column": null } },
      "6": { "start": { "line": 42, "column": 2 }, "end": { "line": 42, "column": null } },
      "7": { "start": { "line": 46, "column": 2 }, "end": { "line": 46, "column": null } },
      "8": { "start": { "line": 49, "column": 2 }, "end": { "line": 49, "column": null } },
      "9": { "start": { "line": 52, "column": 2 }, "end": { "line": 52, "column": null } },
      "10": { "start": { "line": 55, "column": 2 }, "end": { "line": 55, "column": null } },
      "11": { "start": { "line": 58, "column": 2 }, "end": { "line": 58, "column": null } },
      "12": { "start": { "line": 61, "column": 2 }, "end": { "line": 61, "column": null } },
      "13": { "start": { "line": 64, "column": 2 }, "end": { "line": 64, "column": null } },
      "14": { "start": { "line": 63, "column": 19 }, "end": { "line": 63, "column": 31 } },
      "15": { "start": { "line": 63, "column": 44 }, "end": { "line": 63, "column": 54 } },
      "16": { "start": { "line": 24, "column": 13 }, "end": { "line": 65, "column": null } }
    },
    "fnMap": {
      "0": {
        "name": "(anonymous_2)",
        "decl": { "start": { "line": 63, "column": 13 }, "end": { "line": 63, "column": 16 } },
        "loc": { "start": { "line": 63, "column": 19 }, "end": { "line": 63, "column": 31 } }
      },
      "1": {
        "name": "(anonymous_3)",
        "decl": { "start": { "line": 63, "column": 33 }, "end": { "line": 63, "column": 34 } },
        "loc": { "start": { "line": 63, "column": 44 }, "end": { "line": 63, "column": 54 } }
      }
    },
    "branchMap": {},
    "s": {
      "0": 3,
      "1": 3,
      "2": 3,
      "3": 3,
      "4": 3,
      "5": 3,
      "6": 3,
      "7": 3,
      "8": 3,
      "9": 3,
      "10": 3,
      "11": 3,
      "12": 3,
      "13": 3,
      "14": 3,
      "15": 3,
      "16": 3
    },
    "f": { "0": 3, "1": 3 },
    "b": {}
  },
  "/Users/demian/Documents/development/product-project/matrix-academy/apps/backend/src/dto/echo.dto.ts": {
    "path": "/Users/demian/Documents/development/product-project/matrix-academy/apps/backend/src/dto/echo.dto.ts",
    "statementMap": {
      "0": { "start": { "line": 18, "column": 2 }, "end": { "line": 18, "column": 78 } },
      "1": { "start": { "line": 18, "column": 61 }, "end": { "line": 18, "column": 78 } },
      "2": { "start": { "line": 20, "column": 2 }, "end": { "line": 22, "column": 3 } },
      "3": { "start": { "line": 21, "column": 4 }, "end": { "line": 21, "column": 60 } },
      "4": { "start": { "line": 24, "column": 2 }, "end": { "line": 31, "column": 3 } },
      "5": { "start": { "line": 25, "column": 20 }, "end": { "line": 25, "column": 32 } },
      "6": { "start": { "line": 26, "column": 4 }, "end": { "line": 29, "column": 5 } },
      "7": { "start": { "line": 27, "column": 16 }, "end": { "line": 27, "column": 31 } },
      "8": { "start": { "line": 28, "column": 6 }, "end": { "line": 28, "column": 50 } },
      "9": { "start": { "line": 30, "column": 4 }, "end": { "line": 30, "column": 22 } },
      "10": { "start": { "line": 34, "column": 2 }, "end": { "line": 34, "column": 20 } },
      "11": { "start": { "line": 44, "column": 2 }, "end": { "line": 44, "column": 46 } },
      "12": { "start": { "line": 44, "column": 33 }, "end": { "line": 44, "column": 46 } },
      "13": { "start": { "line": 45, "column": 2 }, "end": { "line": 45, "column": 23 } },
      "14": { "start": { "line": 55, "column": 2 }, "end": { "line": 55, "column": null } },
      "15": { "start": { "line": 53, "column": 47 }, "end": { "line": 53, "column": 68 } },
      "16": { "start": { "line": 69, "column": 2 }, "end": { "line": 69, "column": null } },
      "17": { "start": { "line": 65, "column": 47 }, "end": { "line": 65, "column": 76 } }
    },
    "fnMap": {
      "0": {
        "name": "coerceIntForValidation",
        "decl": { "start": { "line": 17, "column": 9 }, "end": { "line": 17, "column": 31 } },
        "loc": { "start": { "line": 17, "column": 46 }, "end": { "line": 35, "column": 1 } }
      },
      "1": {
        "name": "coerceToString",
        "decl": { "start": { "line": 43, "column": 9 }, "end": { "line": 43, "column": 23 } },
        "loc": { "start": { "line": 43, "column": 38 }, "end": { "line": 46, "column": 1 } }
      },
      "2": {
        "name": "(anonymous_4)",
        "decl": { "start": { "line": 53, "column": 13 }, "end": { "line": 53, "column": 14 } },
        "loc": { "start": { "line": 53, "column": 47 }, "end": { "line": 53, "column": 68 } }
      },
      "3": {
        "name": "(anonymous_5)",
        "decl": { "start": { "line": 65, "column": 13 }, "end": { "line": 65, "column": 14 } },
        "loc": { "start": { "line": 65, "column": 47 }, "end": { "line": 65, "column": 76 } }
      }
    },
    "branchMap": {
      "0": {
        "loc": { "start": { "line": 18, "column": 2 }, "end": { "line": 18, "column": 78 } },
        "type": "if",
        "locations": [
          { "start": { "line": 18, "column": 2 }, "end": { "line": 18, "column": 78 } },
          { "start": {}, "end": {} }
        ]
      },
      "1": {
        "loc": { "start": { "line": 18, "column": 6 }, "end": { "line": 18, "column": 59 } },
        "type": "binary-expr",
        "locations": [
          { "start": { "line": 18, "column": 6 }, "end": { "line": 18, "column": 25 } },
          { "start": { "line": 18, "column": 29 }, "end": { "line": 18, "column": 43 } },
          { "start": { "line": 18, "column": 47 }, "end": { "line": 18, "column": 59 } }
        ]
      },
      "2": {
        "loc": { "start": { "line": 20, "column": 2 }, "end": { "line": 22, "column": 3 } },
        "type": "if",
        "locations": [
          { "start": { "line": 20, "column": 2 }, "end": { "line": 22, "column": 3 } },
          { "start": {}, "end": {} }
        ]
      },
      "3": {
        "loc": { "start": { "line": 20, "column": 6 }, "end": { "line": 20, "column": 57 } },
        "type": "binary-expr",
        "locations": [
          { "start": { "line": 20, "column": 6 }, "end": { "line": 20, "column": 31 } },
          { "start": { "line": 20, "column": 35 }, "end": { "line": 20, "column": 57 } }
        ]
      },
      "4": {
        "loc": { "start": { "line": 21, "column": 11 }, "end": { "line": 21, "column": 59 } },
        "type": "cond-expr",
        "locations": [
          { "start": { "line": 21, "column": 23 }, "end": { "line": 21, "column": 39 } },
          { "start": { "line": 21, "column": 42 }, "end": { "line": 21, "column": 59 } }
        ]
      },
      "5": {
        "loc": { "start": { "line": 24, "column": 2 }, "end": { "line": 31, "column": 3 } },
        "type": "if",
        "locations": [
          { "start": { "line": 24, "column": 2 }, "end": { "line": 31, "column": 3 } },
          { "start": {}, "end": {} }
        ]
      },
      "6": {
        "loc": { "start": { "line": 26, "column": 4 }, "end": { "line": 29, "column": 5 } },
        "type": "if",
        "locations": [
          { "start": { "line": 26, "column": 4 }, "end": { "line": 29, "column": 5 } },
          { "start": {}, "end": {} }
        ]
      },
      "7": {
        "loc": { "start": { "line": 26, "column": 8 }, "end": { "line": 26, "column": 58 } },
        "type": "binary-expr",
        "locations": [
          { "start": { "line": 26, "column": 8 }, "end": { "line": 26, "column": 22 } },
          { "start": { "line": 26, "column": 26 }, "end": { "line": 26, "column": 58 } }
        ]
      },
      "8": {
        "loc": { "start": { "line": 28, "column": 13 }, "end": { "line": 28, "column": 49 } },
        "type": "cond-expr",
        "locations": [
          { "start": { "line": 28, "column": 21 }, "end": { "line": 28, "column": 33 } },
          { "start": { "line": 28, "column": 36 }, "end": { "line": 28, "column": 49 } }
        ]
      },
      "9": {
        "loc": { "start": { "line": 44, "column": 2 }, "end": { "line": 44, "column": 46 } },
        "type": "if",
        "locations": [
          { "start": { "line": 44, "column": 2 }, "end": { "line": 44, "column": 46 } },
          { "start": {}, "end": {} }
        ]
      }
    },
    "s": {
      "0": 2,
      "1": 0,
      "2": 2,
      "3": 2,
      "4": 0,
      "5": 0,
      "6": 0,
      "7": 0,
      "8": 0,
      "9": 0,
      "10": 0,
      "11": 4,
      "12": 4,
      "13": 0,
      "14": 3,
      "15": 4,
      "16": 3,
      "17": 2
    },
    "f": { "0": 2, "1": 4, "2": 4, "3": 2 },
    "b": {
      "0": [0, 2],
      "1": [2, 2, 2],
      "2": [2, 0],
      "3": [2, 2],
      "4": [1, 1],
      "5": [0, 0],
      "6": [0, 0],
      "7": [0, 0],
      "8": [0, 0],
      "9": [4, 0]
    }
  },
  "/Users/demian/Documents/development/product-project/matrix-academy/apps/backend/src/enums/permission.enum.ts": {
    "path": "/Users/demian/Documents/development/product-project/matrix-academy/apps/backend/src/enums/permission.enum.ts",
    "statementMap": {
      "0": { "start": { "line": 11, "column": 0 }, "end": { "line": 11, "column": null } },
      "1": { "start": { "line": 13, "column": 2 }, "end": { "line": 13, "column": null } },
      "2": { "start": { "line": 14, "column": 2 }, "end": { "line": 14, "column": null } },
      "3": { "start": { "line": 15, "column": 2 }, "end": { "line": 15, "column": null } },
      "4": { "start": { "line": 16, "column": 2 }, "end": { "line": 16, "column": null } },
      "5": { "start": { "line": 19, "column": 2 }, "end": { "line": 19, "column": null } },
      "6": { "start": { "line": 20, "column": 2 }, "end": { "line": 20, "column": null } },
      "7": { "start": { "line": 21, "column": 2 }, "end": { "line": 21, "column": null } },
      "8": { "start": { "line": 22, "column": 2 }, "end": { "line": 22, "column": null } },
      "9": { "start": { "line": 25, "column": 2 }, "end": { "line": 25, "column": null } },
      "10": { "start": { "line": 26, "column": 2 }, "end": { "line": 26, "column": null } },
      "11": { "start": { "line": 27, "column": 2 }, "end": { "line": 27, "column": null } },
      "12": { "start": { "line": 28, "column": 2 }, "end": { "line": 28, "column": null } },
      "13": { "start": { "line": 31, "column": 2 }, "end": { "line": 31, "column": null } },
      "14": { "start": { "line": 32, "column": 2 }, "end": { "line": 32, "column": null } },
      "15": { "start": { "line": 33, "column": 2 }, "end": { "line": 33, "column": null } },
      "16": { "start": { "line": 34, "column": 2 }, "end": { "line": 34, "column": null } },
      "17": { "start": { "line": 37, "column": 2 }, "end": { "line": 37, "column": null } },
      "18": { "start": { "line": 38, "column": 2 }, "end": { "line": 38, "column": null } },
      "19": { "start": { "line": 39, "column": 2 }, "end": { "line": 39, "column": null } }
    },
    "fnMap": {
      "0": {
        "name": "(anonymous_0)",
        "decl": { "start": { "line": 11, "column": 0 }, "end": { "line": 11, "column": 6 } },
        "loc": { "start": { "line": 11, "column": 22 }, "end": { "line": 40, "column": 1 } }
      }
    },
    "branchMap": {
      "0": {
        "loc": { "start": { "line": 11, "column": 12 }, "end": { "line": 11, "column": null } },
        "type": "binary-expr",
        "locations": [
          { "start": { "line": 11, "column": 12 }, "end": { "line": 11, "column": 22 } },
          { "start": { "line": 11, "column": 12 }, "end": { "line": 11, "column": null } }
        ]
      }
    },
    "s": {
      "0": 3,
      "1": 3,
      "2": 3,
      "3": 3,
      "4": 3,
      "5": 3,
      "6": 3,
      "7": 3,
      "8": 3,
      "9": 3,
      "10": 3,
      "11": 3,
      "12": 3,
      "13": 3,
      "14": 3,
      "15": 3,
      "16": 3,
      "17": 3,
      "18": 3,
      "19": 3
    },
    "f": { "0": 3 },
    "b": { "0": [3, 3] }
  },
  "/Users/demian/Documents/development/product-project/matrix-academy/apps/backend/src/enums/role.enum.ts": {
    "path": "/Users/demian/Documents/development/product-project/matrix-academy/apps/backend/src/enums/role.enum.ts",
    "statementMap": {
      "0": { "start": { "line": 11, "column": 0 }, "end": { "line": 11, "column": null } },
      "1": { "start": { "line": 12, "column": 2 }, "end": { "line": 12, "column": null } },
      "2": { "start": { "line": 13, "column": 2 }, "end": { "line": 13, "column": null } },
      "3": { "start": { "line": 14, "column": 2 }, "end": { "line": 14, "column": null } },
      "4": { "start": { "line": 15, "column": 2 }, "end": { "line": 15, "column": null } }
    },
    "fnMap": {
      "0": {
        "name": "(anonymous_0)",
        "decl": { "start": { "line": 11, "column": 0 }, "end": { "line": 11, "column": 6 } },
        "loc": { "start": { "line": 11, "column": 16 }, "end": { "line": 16, "column": 1 } }
      }
    },
    "branchMap": {
      "0": {
        "loc": { "start": { "line": 11, "column": 12 }, "end": { "line": 11, "column": null } },
        "type": "binary-expr",
        "locations": [
          { "start": { "line": 11, "column": 12 }, "end": { "line": 11, "column": 16 } },
          { "start": { "line": 11, "column": 12 }, "end": { "line": 11, "column": null } }
        ]
      }
    },
    "s": { "0": 3, "1": 3, "2": 3, "3": 3, "4": 3 },
    "f": { "0": 3 },
    "b": { "0": [3, 3] }
  }
}
