TN:
SF:src/app.controller.ts
FN:14,(anonymous_4)
FN:18,(anonymous_5)
FN:24,(anonymous_6)
FNF:3
FNH:3
FNDA:3,(anonymous_4)
FNDA:6,(anonymous_5)
FNDA:3,(anonymous_6)
DA:13,3
DA:14,3
DA:18,3
DA:19,6
DA:24,3
DA:26,3
LF:6
LH:6
BRF:0
BRH:0
end_of_record
TN:
SF:src/app.module.ts
FN:34,(anonymous_1)
FN:52,(anonymous_2)
FN:58,(anonymous_3)
FNF:3
FNH:3
FNDA:3,(anonymous_1)
FNDA:3,(anonymous_2)
FNDA:3,(anonymous_3)
DA:34,3
DA:53,3
DA:59,3
DA:85,3
LF:4
LH:4
BRDA:38,0,0,3
BRDA:38,0,1,0
BRDA:39,1,0,3
BRDA:39,1,1,0
BRF:4
BRH:2
end_of_record
TN:
SF:src/app.service.ts
FN:18,(anonymous_4)
FN:20,(anonymous_5)
FNF:2
FNH:2
FNDA:3,(anonymous_4)
FNDA:6,(anonymous_5)
DA:17,3
DA:18,3
DA:21,6
DA:22,6
DA:24,6
DA:25,3
DA:28,3
DA:29,3
DA:31,3
LF:9
LH:9
BRDA:24,0,0,3
BRDA:24,0,1,3
BRF:2
BRH:2
end_of_record
TN:
SF:src/auth/auth.controller.ts
FN:34,(anonymous_4)
FN:38,(anonymous_5)
FN:45,(anonymous_6)
FN:61,(anonymous_7)
FN:77,(anonymous_8)
FN:86,(anonymous_9)
FNF:6
FNH:6
FNDA:3,(anonymous_4)
FNDA:17,(anonymous_5)
FNDA:4,(anonymous_6)
FNDA:8,(anonymous_7)
FNDA:3,(anonymous_8)
FNDA:2,(anonymous_9)
DA:33,3
DA:34,3
DA:38,3
DA:39,17
DA:45,3
DA:50,4
DA:55,4
DA:61,3
DA:66,8
DA:71,8
DA:77,3
DA:81,3
DA:86,3
DA:87,2
LF:14
LH:14
BRF:0
BRH:0
end_of_record
TN:
SF:src/auth/auth.module.ts
FNF:0
FNH:0
DA:28,3
LF:1
LH:1
BRF:0
BRH:0
end_of_record
TN:
SF:src/auth/auth.service.ts
FN:35,(anonymous_4)
FN:43,(anonymous_5)
FN:72,(anonymous_6)
FN:100,(anonymous_7)
FN:126,(anonymous_8)
FN:138,(anonymous_9)
FN:150,(anonymous_10)
FN:156,(anonymous_11)
FN:177,(anonymous_12)
FN:191,(anonymous_13)
FN:221,(anonymous_14)
FNF:11
FNH:10
FNDA:3,(anonymous_4)
FNDA:17,(anonymous_5)
FNDA:4,(anonymous_6)
FNDA:8,(anonymous_7)
FNDA:3,(anonymous_8)
FNDA:2,(anonymous_9)
FNDA:0,(anonymous_10)
FNDA:22,(anonymous_11)
FNDA:22,(anonymous_12)
FNDA:22,(anonymous_13)
FNDA:44,(anonymous_14)
DA:32,3
DA:33,3
DA:37,3
DA:39,3
DA:40,3
DA:44,17
DA:48,17
DA:49,1
DA:52,16
DA:57,16
DA:67,16
DA:69,16
DA:73,4
DA:77,4
DA:78,1
DA:81,3
DA:82,0
DA:85,3
DA:90,3
DA:91,1
DA:94,2
DA:95,2
DA:97,2
DA:101,8
DA:106,8
DA:107,4
DA:110,4
DA:111,0
DA:114,4
DA:115,0
DA:119,4
DA:120,4
DA:121,4
DA:123,4
DA:127,3
DA:131,3
DA:132,3
DA:133,3
DA:134,3
DA:139,2
DA:143,2
DA:144,0
DA:147,2
DA:151,0
DA:160,22
DA:161,22
DA:163,22
DA:165,22
DA:169,22
DA:178,22
DA:185,22
DA:186,22
DA:188,22
DA:195,22
DA:201,22
DA:202,22
DA:204,22
DA:206,22
DA:207,22
DA:208,22
DA:210,22
DA:218,22
DA:222,44
DA:223,44
DA:224,44
DA:225,0
DA:228,44
DA:229,44
DA:231,44
DA:233,0
DA:235,22
DA:237,0
DA:239,22
DA:241,0
LF:74
LH:65
BRDA:48,0,0,1
BRDA:48,0,1,16
BRDA:77,1,0,1
BRDA:77,1,1,3
BRDA:81,2,0,0
BRDA:81,2,1,3
BRDA:90,3,0,1
BRDA:90,3,1,2
BRDA:106,4,0,4
BRDA:106,4,1,4
BRDA:106,5,0,8
BRDA:106,5,1,7
BRDA:110,6,0,0
BRDA:110,6,1,4
BRDA:114,7,0,0
BRDA:114,7,1,4
BRDA:131,8,0,3
BRDA:131,8,1,0
BRDA:131,9,0,3
BRDA:131,9,1,3
BRDA:143,10,0,0
BRDA:143,10,1,2
BRDA:224,11,0,0
BRDA:224,11,1,44
BRDA:231,12,0,0
BRDA:231,12,1,22
BRDA:231,12,2,0
BRDA:231,12,3,22
BRDA:231,12,4,0
BRF:29
BRH:20
end_of_record
TN:
SF:src/auth/decorators/current-user.decorator.ts
FN:36,(anonymous_0)
FNF:1
FNH:1
FNDA:5,(anonymous_0)
DA:35,3
DA:37,5
DA:38,5
DA:39,5
LF:4
LH:4
BRDA:39,0,0,5
BRDA:39,0,1,0
BRF:2
BRH:1
end_of_record
TN:
SF:src/auth/decorators/public.decorator.ts
FN:23,(anonymous_0)
FNF:1
FNH:1
FNDA:12,(anonymous_0)
DA:8,3
DA:23,12
LF:2
LH:2
BRF:0
BRH:0
end_of_record
TN:
SF:src/auth/decorators/roles.decorator.ts
FN:26,(anonymous_0)
FNF:1
FNH:0
FNDA:0,(anonymous_0)
DA:10,3
DA:26,3
LF:2
LH:2
BRF:0
BRH:0
end_of_record
TN:
SF:src/auth/dto/auth-response.dto.ts
FNF:0
FNH:0
DA:15,3
DA:17,3
DA:20,3
DA:23,3
DA:26,3
DA:29,3
DA:32,3
DA:35,3
DA:38,3
DA:41,3
LF:10
LH:10
BRF:0
BRH:0
end_of_record
TN:
SF:src/auth/dto/login.dto.ts
FNF:0
FNH:0
DA:15,3
DA:19,3
LF:2
LH:2
BRF:0
BRH:0
end_of_record
TN:
SF:src/auth/dto/refresh.dto.ts
FNF:0
FNH:0
DA:15,3
LF:1
LH:1
BRF:0
BRH:0
end_of_record
TN:
SF:src/auth/dto/register.dto.ts
FNF:0
FNH:0
DA:15,3
DA:20,3
DA:24,3
DA:28,3
DA:32,3
LF:5
LH:5
BRF:0
BRH:0
end_of_record
TN:
SF:src/auth/guards/jwt-auth.guard.ts
FN:27,(anonymous_2)
FN:32,(anonymous_3)
FN:80,(anonymous_4)
FNF:3
FNH:3
FNDA:3,(anonymous_2)
FNDA:55,(anonymous_3)
FNDA:16,(anonymous_4)
DA:26,3
DA:28,3
DA:29,3
DA:34,55
DA:39,55
DA:40,39
DA:43,16
DA:44,16
DA:46,16
DA:47,3
DA:50,13
DA:51,13
DA:52,13
DA:55,10
DA:62,10
DA:65,3
DA:66,3
DA:67,1
DA:69,2
DA:70,2
DA:73,0
DA:81,16
DA:82,16
DA:83,3
DA:86,13
DA:87,13
LF:26
LH:25
BRDA:39,0,0,39
BRDA:39,0,1,16
BRDA:46,1,0,3
BRDA:46,1,1,13
BRDA:59,2,0,10
BRDA:59,2,1,0
BRDA:65,3,0,3
BRDA:65,3,1,0
BRDA:65,4,0,3
BRDA:65,4,1,3
BRDA:65,4,2,3
BRDA:66,5,0,1
BRDA:66,5,1,2
BRDA:69,6,0,2
BRDA:69,6,1,0
BRDA:82,7,0,3
BRDA:82,7,1,13
BRDA:87,8,0,13
BRDA:87,8,1,0
BRF:19
BRH:15
end_of_record
TN:
SF:src/auth/guards/roles.guard.ts
FN:19,(anonymous_2)
FN:21,(anonymous_3)
FN:37,(anonymous_4)
FNF:3
FNH:2
FNDA:3,(anonymous_2)
FNDA:49,(anonymous_3)
FNDA:0,(anonymous_4)
DA:18,3
DA:19,3
DA:23,49
DA:29,49
DA:30,49
DA:33,0
DA:34,0
DA:37,0
LF:8
LH:5
BRDA:29,0,0,49
BRDA:29,0,1,0
BRDA:29,1,0,49
BRDA:29,1,1,0
BRF:4
BRH:2
end_of_record
TN:
SF:src/auth/services/permissions.service.ts
FN:17,(anonymous_1)
FN:73,(anonymous_2)
FN:74,(anonymous_3)
FN:87,(anonymous_4)
FN:88,(anonymous_5)
FN:98,(anonymous_6)
FN:99,(anonymous_7)
FN:108,(anonymous_8)
FN:111,(anonymous_9)
FN:114,(anonymous_10)
FNF:10
FNH:1
FNDA:3,(anonymous_1)
FNDA:0,(anonymous_2)
FNDA:0,(anonymous_3)
FNDA:0,(anonymous_4)
FNDA:0,(anonymous_5)
FNDA:0,(anonymous_6)
FNDA:0,(anonymous_7)
FNDA:0,(anonymous_8)
FNDA:0,(anonymous_9)
FNDA:0,(anonymous_10)
DA:17,3
DA:21,3
DA:74,0
DA:75,0
DA:76,0
DA:88,0
DA:99,0
DA:109,0
DA:111,0
DA:112,0
DA:113,0
DA:114,0
DA:118,0
LF:13
LH:2
BRDA:76,0,0,0
BRDA:76,0,1,0
BRDA:113,1,0,0
BRDA:113,1,1,0
BRF:4
BRH:0
end_of_record
TN:
SF:src/common/constants/cache-keys.ts
FN:30,(anonymous_0)
FN:37,(anonymous_1)
FNF:2
FNH:1
FNDA:0,(anonymous_0)
FNDA:6,(anonymous_1)
DA:13,3
DA:21,3
DA:30,3
DA:31,0
DA:37,3
DA:38,6
LF:6
LH:5
BRF:0
BRH:0
end_of_record
TN:
SF:src/common/exceptions/business.exception.ts
FN:21,(anonymous_0)
FNF:1
FNH:0
FNDA:0,(anonymous_0)
DA:23,0
DA:25,0
DA:27,0
LF:3
LH:0
BRDA:23,0,0,0
BRDA:24,1,0,0
BRF:2
BRH:0
end_of_record
TN:
SF:src/common/exceptions/validation.exception.ts
FN:21,(anonymous_0)
FNF:1
FNH:0
FNDA:0,(anonymous_0)
DA:22,0
DA:24,0
DA:26,0
LF:3
LH:0
BRDA:23,0,0,0
BRDA:24,1,0,0
BRF:2
BRH:0
end_of_record
TN:
SF:src/common/filters/http-exception.filter.ts
FN:32,(anonymous_1)
FN:35,(anonymous_2)
FN:51,(anonymous_3)
FN:123,(anonymous_4)
FN:127,(anonymous_5)
FN:139,(anonymous_6)
FN:201,(anonymous_7)
FN:225,(anonymous_8)
FN:245,(anonymous_9)
FNF:9
FNH:0
FNDA:0,(anonymous_1)
FNDA:0,(anonymous_2)
FNDA:0,(anonymous_3)
FNDA:0,(anonymous_4)
FNDA:0,(anonymous_5)
FNDA:0,(anonymous_6)
FNDA:0,(anonymous_7)
FNDA:0,(anonymous_8)
FNDA:0,(anonymous_9)
DA:32,0
DA:33,0
DA:36,0
DA:37,0
DA:38,0
DA:40,0
DA:43,0
DA:45,0
DA:52,0
DA:53,0
DA:54,0
DA:57,0
DA:58,0
DA:72,0
DA:73,0
DA:87,0
DA:88,0
DA:89,0
DA:91,0
DA:96,0
DA:98,0
DA:112,0
DA:113,0
DA:117,0
DA:124,0
DA:125,0
DA:126,0
DA:127,0
DA:133,0
DA:145,0
DA:151,0
DA:152,0
DA:167,0
DA:168,0
DA:183,0
DA:207,0
DA:208,0
DA:210,0
DA:226,0
DA:239,0
DA:246,0
DA:247,0
DA:248,0
DA:250,0
DA:260,0
DA:261,0
DA:267,0
LF:47
LH:0
BRDA:57,0,0,0
BRDA:57,0,1,0
BRDA:67,1,0,0
BRDA:67,1,1,0
BRDA:72,2,0,0
BRDA:72,2,1,0
BRDA:82,3,0,0
BRDA:82,3,1,0
BRDA:87,4,0,0
BRDA:87,4,1,0
BRDA:91,5,0,0
BRDA:91,5,1,0
BRDA:93,6,0,0
BRDA:93,6,1,0
BRDA:102,7,0,0
BRDA:102,7,1,0
BRDA:103,8,0,0
BRDA:103,8,1,0
BRDA:107,9,0,0
BRDA:107,9,1,0
BRDA:112,10,0,0
BRDA:112,10,1,0
BRDA:124,11,0,0
BRDA:124,11,1,0
BRDA:124,12,0,0
BRDA:124,12,1,0
BRDA:124,12,2,0
BRDA:126,13,0,0
BRDA:126,13,1,0
BRDA:128,14,0,0
BRDA:128,14,1,0
BRDA:128,15,0,0
BRDA:128,15,1,0
BRDA:129,16,0,0
BRDA:129,16,1,0
BRDA:129,17,0,0
BRDA:129,17,1,0
BRDA:151,18,0,0
BRDA:151,18,1,0
BRDA:167,19,0,0
BRDA:167,19,1,0
BRDA:191,20,0,0
BRDA:191,20,1,0
BRDA:207,21,0,0
BRDA:207,21,1,0
BRDA:208,22,0,0
BRDA:208,22,1,0
BRDA:218,23,0,0
BRDA:218,23,1,0
BRDA:239,24,0,0
BRDA:239,24,1,0
BRDA:247,25,0,0
BRDA:247,25,1,0
BRDA:248,26,0,0
BRDA:248,26,1,0
BRDA:260,27,0,0
BRDA:260,27,1,0
BRDA:263,28,0,0
BRDA:263,28,1,0
BRF:59
BRH:0
end_of_record
TN:
SF:src/common/guards/throttler-exception.filter.ts
FN:13,(anonymous_1)
FNF:1
FNH:0
FNDA:0,(anonymous_1)
DA:12,0
DA:14,0
DA:15,0
DA:17,0
LF:4
LH:0
BRF:0
BRH:0
end_of_record
TN:
SF:src/common/interceptors/cache.interceptor.ts
FN:22,(anonymous_4)
FN:24,(anonymous_5)
FN:47,(anonymous_6)
FN:56,(anonymous_7)
FNF:4
FNH:0
FNDA:0,(anonymous_4)
FNDA:0,(anonymous_5)
FNDA:0,(anonymous_6)
FNDA:0,(anonymous_7)
DA:21,0
DA:22,0
DA:28,0
DA:35,0
DA:36,0
DA:39,0
DA:40,0
DA:42,0
DA:43,0
DA:46,0
DA:48,0
DA:60,0
DA:61,0
LF:13
LH:0
BRDA:35,0,0,0
BRDA:35,0,1,0
BRDA:42,1,0,0
BRDA:42,1,1,0
BRDA:60,2,0,0
BRDA:60,2,1,0
BRF:6
BRH:0
end_of_record
TN:
SF:src/common/interceptors/transform.interceptor.ts
FN:24,(anonymous_1)
FN:32,(anonymous_2)
FN:47,(anonymous_3)
FNF:3
FNH:3
FNDA:49,(anonymous_1)
FNDA:36,(anonymous_2)
FNDA:49,(anonymous_3)
DA:21,3
DA:28,49
DA:29,49
DA:31,49
DA:34,36
DA:35,0
DA:39,36
DA:50,49
DA:53,49
DA:54,0
DA:58,49
LF:11
LH:9
BRDA:34,0,0,0
BRDA:34,0,1,36
BRDA:50,1,0,49
BRDA:50,1,1,49
BRDA:53,2,0,0
BRDA:53,2,1,49
BRF:6
BRH:4
end_of_record
TN:
SF:src/common/services/cache-invalidation.service.ts
FN:21,(anonymous_4)
FN:26,(anonymous_5)
FN:34,(anonymous_6)
FN:35,(anonymous_7)
FN:42,(anonymous_8)
FN:53,(anonymous_9)
FNF:6
FNH:0
FNDA:0,(anonymous_4)
FNDA:0,(anonymous_5)
FNDA:0,(anonymous_6)
FNDA:0,(anonymous_7)
FNDA:0,(anonymous_8)
FNDA:0,(anonymous_9)
DA:20,0
DA:21,0
DA:27,0
DA:28,0
DA:35,0
DA:46,0
DA:57,0
LF:7
LH:0
BRF:0
BRH:0
end_of_record
TN:
SF:src/config/database.config.ts
FN:16,(anonymous_0)
FNF:1
FNH:1
FNDA:3,(anonymous_0)
DA:13,3
DA:14,3
DA:16,3
DA:19,3
DA:21,3
DA:22,0
DA:25,3
LF:7
LH:6
BRDA:21,0,0,0
BRDA:21,0,1,3
BRDA:28,1,0,0
BRDA:28,1,1,3
BRDA:31,2,0,0
BRDA:31,2,1,3
BRF:6
BRH:3
end_of_record
TN:
SF:src/config/env.validation.ts
FN:121,validate
FN:129,(anonymous_1)
FNF:2
FNH:1
FNDA:3,validate
FNDA:0,(anonymous_1)
DA:39,3
DA:122,3
DA:128,3
DA:129,0
DA:130,0
DA:133,3
LF:6
LH:4
BRDA:128,0,0,0
BRDA:128,0,1,3
BRF:2
BRH:1
end_of_record
TN:
SF:src/config/redis.config.ts
FN:16,(anonymous_0)
FNF:1
FNH:1
FNDA:3,(anonymous_0)
DA:16,3
DA:19,3
DA:21,3
DA:22,0
DA:25,3
LF:5
LH:4
BRDA:21,0,0,0
BRDA:21,0,1,3
BRDA:28,1,0,3
BRDA:28,1,1,0
BRF:4
BRH:2
end_of_record
TN:
SF:src/config/typeorm-cli.config.ts
FNF:0
FNH:0
DA:10,0
LF:1
LH:0
BRDA:15,0,0,0
BRDA:15,0,1,0
BRF:2
BRH:0
end_of_record
TN:
SF:src/database/entities/refresh-token.entity.ts
FN:35,(anonymous_2)
FN:35,(anonymous_3)
FNF:2
FNH:2
FNDA:3,(anonymous_2)
FNDA:3,(anonymous_3)
DA:23,3
DA:25,3
DA:29,3
DA:33,3
DA:35,3
DA:37,3
DA:40,3
DA:43,3
DA:46,3
DA:49,3
DA:52,3
DA:55,3
LF:12
LH:12
BRF:0
BRH:0
end_of_record
TN:
SF:src/database/entities/user.entity.ts
FN:63,(anonymous_2)
FN:63,(anonymous_3)
FNF:2
FNH:2
FNDA:3,(anonymous_2)
FNDA:3,(anonymous_3)
DA:24,3
DA:26,3
DA:30,3
DA:33,3
DA:36,3
DA:39,3
DA:42,3
DA:46,3
DA:49,3
DA:52,3
DA:55,3
DA:58,3
DA:61,3
DA:63,3
DA:64,3
LF:15
LH:15
BRF:0
BRH:0
end_of_record
TN:
SF:src/dto/echo.dto.ts
FN:16,coerceIntForValidation
FN:42,coerceToString
FN:48,(anonymous_4)
FN:53,(anonymous_5)
FNF:4
FNH:4
FNDA:2,coerceIntForValidation
FNDA:4,coerceToString
FNDA:4,(anonymous_4)
FNDA:2,(anonymous_5)
DA:17,2
DA:19,2
DA:20,2
DA:23,0
DA:24,0
DA:25,0
DA:26,0
DA:27,0
DA:29,0
DA:33,0
DA:43,4
DA:44,0
DA:48,4
DA:50,3
DA:53,2
DA:57,3
LF:16
LH:8
BRDA:17,0,0,0
BRDA:17,0,1,2
BRDA:17,1,0,2
BRDA:17,1,1,2
BRDA:17,1,2,2
BRDA:19,2,0,2
BRDA:19,2,1,0
BRDA:19,3,0,2
BRDA:19,3,1,2
BRDA:20,4,0,1
BRDA:20,4,1,1
BRDA:23,5,0,0
BRDA:23,5,1,0
BRDA:25,6,0,0
BRDA:25,6,1,0
BRDA:25,7,0,0
BRDA:25,7,1,0
BRDA:27,8,0,0
BRDA:27,8,1,0
BRDA:43,9,0,4
BRDA:43,9,1,0
BRF:21
BRH:10
end_of_record
TN:
SF:src/enums/permission.enum.ts
FN:11,(anonymous_0)
FNF:1
FNH:1
FNDA:3,(anonymous_0)
DA:11,3
DA:13,3
DA:14,3
DA:15,3
DA:16,3
DA:19,3
DA:20,3
DA:21,3
DA:22,3
DA:25,3
DA:26,3
DA:27,3
DA:28,3
DA:31,3
DA:32,3
DA:33,3
DA:34,3
DA:37,3
DA:38,3
DA:39,3
LF:20
LH:20
BRDA:11,0,0,3
BRDA:11,0,1,3
BRF:2
BRH:2
end_of_record
TN:
SF:src/enums/role.enum.ts
FN:11,(anonymous_0)
FNF:1
FNH:1
FNDA:3,(anonymous_0)
DA:11,3
DA:12,3
DA:13,3
DA:14,3
DA:15,3
LF:5
LH:5
BRDA:11,0,0,3
BRDA:11,0,1,3
BRF:2
BRH:2
end_of_record
